<?xml version="1.0" encoding="UTF-8" standalone="yes"?>
<testsuites name="Admin" time="48" tests="3" failures="1" errors="0">
    <testsuite name="Admin" tests="3" failures="1" errors="0" time="48" timestamp="2019-10-09 18:18:36" hostname="vladi - DESKTOP-728KFTB" id="Test Suites/Admin">
        <properties>
            <property name="deviceName" value=""/>
            <property name="devicePlatform" value=""/>
            <property name="logFolder" value="C:\\Users\\vladi\\git\\KatalonGitTest\\Reports\\20191009_181833\\Admin\\20191009_181833"/>
            <property name="logFiles" value="C:\\Users\\vladi\\git\\KatalonGitTest\\Reports\\20191009_181833\\Admin\\20191009_181833\\execution0.log"/>
            <property name="attachments" value="C:\\Users\\vladi\\git\\KatalonGitTest\\Reports\\20191009_181833\\Admin\\20191009_181833\\1570634364928.png"/>
            <property name="hostName" value="vladi - DESKTOP-728KFTB"/>
            <property name="os" value="Windows 10 64bit"/>
            <property name="katalonVersion" value="6.3.3.11"/>
            <property name="browser" value="Chrome 77.0.3865.90"/>
            <property name="hostAddress" value="10.1.4.106"/>
            <property name="sessionId" value="653a86a1804eaa40a46d00ad924885a5"/>
            <property name="seleniumVersion" value="3.141.59"/>
            <property name="proxyInformation" value="ProxyInformation{proxyOption=NO_PROXY, proxyServerType=HTTP, password=, proxyServerAddress=, proxyServerPort=0}"/>
            <property name="platform" value="Windows 10"/>
        </properties>
        <testcase name="Test Cases/StartPage" classname="Test Cases/StartPage" status="PASSED">
            <system-out>2019-10-09 18:18:36 - [TEST_CASE][PASSED] - Test Cases/StartPage: Test Cases/StartPage&#xD;
&#xD;
2019-10-09 18:18:37 - [TEST_STEP][PASSED] - openBrowser("http://hcc-asset-server.program-ace.net/"): Browser is opened with url: 'http://hcc-asset-server.program-ace.net/'&#xD;
&#xD;
2019-10-09 18:18:37 - [MESSAGE][INFO] - Starting 'Chrome' driver&#xD;
&#xD;
2019-10-09 18:18:37 - [MESSAGE][INFO] - Action delay is set to 0 seconds&#xD;
&#xD;
2019-10-09 18:18:52 - [MESSAGE][PASSED] - Browser is opened with url: 'http://hcc-asset-server.program-ace.net/'&#xD;
&#xD;
2019-10-09 18:18:52 - [TEST_STEP][PASSED] - setViewPortSize(1920, 1080): Viewport is set to new size with width = 1920 and height = 1080&#xD;
&#xD;
2019-10-09 18:18:54 - [MESSAGE][PASSED] - Viewport is set to new size with width = 1920 and height = 1080&#xD;
&#xD;
2019-10-09 18:18:54 - [TEST_STEP][PASSED] - verifyElementPresent(findTestObject("StartPage/Page_Laravel/h1_RealDigitalSolutions"), 0): Object 'Object Repository/StartPage/Page_Laravel/h1_RealDigitalSolutions' is present&#xD;
&#xD;
2019-10-09 18:18:54 - [MESSAGE][WARNING] - Timeout '0' is invalid. Using default page load timeout: '5'&#xD;
&#xD;
2019-10-09 18:18:54 - [MESSAGE][PASSED] - Object 'Object Repository/StartPage/Page_Laravel/h1_RealDigitalSolutions' is present&#xD;
&#xD;
2019-10-09 18:18:54 - [TEST_STEP][PASSED] - verifyElementPresent(findTestObject("StartPage/Page_Laravel/img"), 0): Object 'Object Repository/StartPage/Page_Laravel/img' is present&#xD;
&#xD;
2019-10-09 18:18:54 - [MESSAGE][WARNING] - Timeout '0' is invalid. Using default page load timeout: '5'&#xD;
&#xD;
2019-10-09 18:18:54 - [MESSAGE][PASSED] - Object 'Object Repository/StartPage/Page_Laravel/img' is present&#xD;
&#xD;
2019-10-09 18:18:54 - [TEST_STEP][PASSED] - verifyElementPresent(findTestObject("StartPage/Page_Laravel/svg_Login_logo-word"), 0): Object 'Object Repository/StartPage/Page_Laravel/svg_Login_logo-word' is present&#xD;
&#xD;
2019-10-09 18:18:54 - [MESSAGE][WARNING] - Timeout '0' is invalid. Using default page load timeout: '5'&#xD;
&#xD;
2019-10-09 18:18:54 - [MESSAGE][PASSED] - Object 'Object Repository/StartPage/Page_Laravel/svg_Login_logo-word' is present&#xD;
&#xD;
2019-10-09 18:18:54 - [TEST_STEP][PASSED] - verifyElementPresent(findTestObject("StartPage/Page_Laravel/ul_Auszeichnung Landespreis"), 0): Object 'Object Repository/StartPage/Page_Laravel/ul_Auszeichnung Landespreis' is present&#xD;
&#xD;
2019-10-09 18:18:54 - [MESSAGE][WARNING] - Timeout '0' is invalid. Using default page load timeout: '5'&#xD;
&#xD;
2019-10-09 18:18:54 - [MESSAGE][PASSED] - Object 'Object Repository/StartPage/Page_Laravel/ul_Auszeichnung Landespreis' is present&#xD;
&#xD;
2019-10-09 18:18:54 - [TEST_STEP][PASSED] - verifyElementPresent(findTestObject("StartPage/Page_Laravel/a_Login"), 0): Object 'Object Repository/StartPage/Page_Laravel/a_Login' is present&#xD;
&#xD;
2019-10-09 18:18:54 - [MESSAGE][WARNING] - Timeout '0' is invalid. Using default page load timeout: '5'&#xD;
&#xD;
2019-10-09 18:18:54 - [MESSAGE][PASSED] - Object 'Object Repository/StartPage/Page_Laravel/a_Login' is present&#xD;
&#xD;
2019-10-09 18:18:54 - [TEST_STEP][PASSED] - setViewPortSize(1024, 750): Viewport is set to new size with width = 1024 and height = 750&#xD;
&#xD;
2019-10-09 18:18:54 - [MESSAGE][PASSED] - Viewport is set to new size with width = 1024 and height = 750&#xD;
&#xD;
2019-10-09 18:18:54 - [TEST_STEP][PASSED] - verifyElementPresent(findTestObject("StartPage/Page_Laravel/h1_RealDigitalSolutions"), 0): Object 'Object Repository/StartPage/Page_Laravel/h1_RealDigitalSolutions' is present&#xD;
&#xD;
2019-10-09 18:18:54 - [MESSAGE][WARNING] - Timeout '0' is invalid. Using default page load timeout: '5'&#xD;
&#xD;
2019-10-09 18:18:54 - [MESSAGE][PASSED] - Object 'Object Repository/StartPage/Page_Laravel/h1_RealDigitalSolutions' is present&#xD;
&#xD;
2019-10-09 18:18:54 - [TEST_STEP][PASSED] - verifyElementPresent(findTestObject("StartPage/Page_Laravel/img"), 0): Object 'Object Repository/StartPage/Page_Laravel/img' is present&#xD;
&#xD;
2019-10-09 18:18:54 - [MESSAGE][WARNING] - Timeout '0' is invalid. Using default page load timeout: '5'&#xD;
&#xD;
2019-10-09 18:18:54 - [MESSAGE][PASSED] - Object 'Object Repository/StartPage/Page_Laravel/img' is present&#xD;
&#xD;
2019-10-09 18:18:54 - [TEST_STEP][PASSED] - verifyElementPresent(findTestObject("StartPage/Page_Laravel/svg_Login_logo-word"), 0): Object 'Object Repository/StartPage/Page_Laravel/svg_Login_logo-word' is present&#xD;
&#xD;
2019-10-09 18:18:54 - [MESSAGE][WARNING] - Timeout '0' is invalid. Using default page load timeout: '5'&#xD;
&#xD;
2019-10-09 18:18:54 - [MESSAGE][PASSED] - Object 'Object Repository/StartPage/Page_Laravel/svg_Login_logo-word' is present&#xD;
&#xD;
2019-10-09 18:18:54 - [TEST_STEP][PASSED] - verifyElementPresent(findTestObject("StartPage/Page_Laravel/ul_Auszeichnung Landespreis"), 0): Object 'Object Repository/StartPage/Page_Laravel/ul_Auszeichnung Landespreis' is present&#xD;
&#xD;
2019-10-09 18:18:54 - [MESSAGE][WARNING] - Timeout '0' is invalid. Using default page load timeout: '5'&#xD;
&#xD;
2019-10-09 18:18:54 - [MESSAGE][PASSED] - Object 'Object Repository/StartPage/Page_Laravel/ul_Auszeichnung Landespreis' is present&#xD;
&#xD;
2019-10-09 18:18:54 - [TEST_STEP][PASSED] - verifyElementPresent(findTestObject("StartPage/Page_Laravel/a_Login"), 0): Object 'Object Repository/StartPage/Page_Laravel/a_Login' is present&#xD;
&#xD;
2019-10-09 18:18:54 - [MESSAGE][WARNING] - Timeout '0' is invalid. Using default page load timeout: '5'&#xD;
&#xD;
2019-10-09 18:18:54 - [MESSAGE][PASSED] - Object 'Object Repository/StartPage/Page_Laravel/a_Login' is present&#xD;
&#xD;
2019-10-09 18:18:54 - [TEST_STEP][PASSED] - setViewPortSize(1920, 1080): Viewport is set to new size with width = 1920 and height = 1080&#xD;
&#xD;
2019-10-09 18:18:54 - [MESSAGE][PASSED] - Viewport is set to new size with width = 1920 and height = 1080&#xD;
&#xD;
2019-10-09 18:18:54 - [TEST_STEP][PASSED] - click(findTestObject("StartPage/Page_Laravel/a_Login"), STOP_ON_FAILURE): Object: 'Object Repository/StartPage/Page_Laravel/a_Login' is clicked on&#xD;
&#xD;
2019-10-09 18:18:55 - [MESSAGE][PASSED] - Object: 'Object Repository/StartPage/Page_Laravel/a_Login' is clicked on&#xD;
&#xD;
2019-10-09 18:18:55 - [TEST_STEP][PASSED] - closeBrowser(): Browser is closed&#xD;
&#xD;
2019-10-09 18:18:56 - [MESSAGE][PASSED] - Browser is closed</system-out>
            <system-err></system-err>
        </testcase>
        <testcase name="Test Cases/LoginAdmin" classname="Test Cases/LoginAdmin" status="PASSED">
            <system-out>2019-10-09 18:18:56 - [TEST_CASE][PASSED] - Test Cases/LoginAdmin: Test Cases/LoginAdmin&#xD;
&#xD;
2019-10-09 18:18:56 - [TEST_STEP][PASSED] - openBrowser(URL): Browser is opened with url: 'http://hcc-asset-server.program-ace.net/'&#xD;
&#xD;
2019-10-09 18:18:56 - [MESSAGE][INFO] - Starting 'Chrome' driver&#xD;
&#xD;
2019-10-09 18:18:59 - [MESSAGE][PASSED] - Browser is opened with url: 'http://hcc-asset-server.program-ace.net/'&#xD;
&#xD;
2019-10-09 18:18:59 - [TEST_STEP][PASSED] - setViewPortSize(1920, 1080): Viewport is set to new size with width = 1920 and height = 1080&#xD;
&#xD;
2019-10-09 18:19:00 - [MESSAGE][PASSED] - Viewport is set to new size with width = 1920 and height = 1080&#xD;
&#xD;
2019-10-09 18:19:00 - [TEST_STEP][PASSED] - click(findTestObject("StartPage/Page_Laravel/a_Login")): Object: 'Object Repository/StartPage/Page_Laravel/a_Login' is clicked on&#xD;
&#xD;
2019-10-09 18:19:01 - [MESSAGE][PASSED] - Object: 'Object Repository/StartPage/Page_Laravel/a_Login' is clicked on&#xD;
&#xD;
2019-10-09 18:19:01 - [TEST_STEP][PASSED] - setText(findTestObject("Object Repository/LoginPage/Page_Laravel/input_Welcome Back_login"), Username): Text 'Admin' is set on object 'Object Repository/LoginPage/Page_Laravel/input_Welcome Back_login'&#xD;
&#xD;
2019-10-09 18:19:01 - [MESSAGE][PASSED] - Text 'Admin' is set on object 'Object Repository/LoginPage/Page_Laravel/input_Welcome Back_login'&#xD;
&#xD;
2019-10-09 18:19:01 - [TEST_STEP][PASSED] - setText(findTestObject("Object Repository/LoginPage/Page_Laravel/input_Welcome Back_password"), Password): Text 'admin' is set on object 'Object Repository/LoginPage/Page_Laravel/input_Welcome Back_password'&#xD;
&#xD;
2019-10-09 18:19:01 - [MESSAGE][PASSED] - Text 'admin' is set on object 'Object Repository/LoginPage/Page_Laravel/input_Welcome Back_password'&#xD;
&#xD;
2019-10-09 18:19:01 - [TEST_STEP][PASSED] - check(findTestObject("LoginPage/Page_Laravel/label_Remember Me")): Object 'Object Repository/LoginPage/Page_Laravel/label_Remember Me' is checked&#xD;
&#xD;
2019-10-09 18:19:01 - [MESSAGE][PASSED] - Object 'Object Repository/LoginPage/Page_Laravel/label_Remember Me' is checked&#xD;
&#xD;
2019-10-09 18:19:01 - [TEST_STEP][PASSED] - uncheck(findTestObject("LoginPage/Page_Laravel/label_Remember Me")): Object 'Object Repository/LoginPage/Page_Laravel/label_Remember Me' is un-checked&#xD;
&#xD;
2019-10-09 18:19:01 - [MESSAGE][PASSED] - Object 'Object Repository/LoginPage/Page_Laravel/label_Remember Me' is un-checked&#xD;
&#xD;
2019-10-09 18:19:01 - [TEST_STEP][PASSED] - verifyElementNotChecked(findTestObject("LoginPage/Page_Laravel/label_Remember Me"), 1): Object 'Object Repository/LoginPage/Page_Laravel/label_Remember Me' is not checked&#xD;
&#xD;
2019-10-09 18:19:01 - [MESSAGE][PASSED] - Object 'Object Repository/LoginPage/Page_Laravel/label_Remember Me' is not checked&#xD;
&#xD;
2019-10-09 18:19:01 - [TEST_STEP][PASSED] - click(findTestObject("Object Repository/LoginPage/Page_Laravel/button_Login")): Object: 'Object Repository/LoginPage/Page_Laravel/button_Login' is clicked on&#xD;
&#xD;
2019-10-09 18:19:02 - [MESSAGE][PASSED] - Object: 'Object Repository/LoginPage/Page_Laravel/button_Login' is clicked on</system-out>
            <system-err></system-err>
        </testcase>
        <testcase name="Test Cases/LoginAdmin" classname="Test Cases/LoginAdmin" status="PASSED">
            <system-out>2019-10-09 18:19:02 - [TEST_CASE][PASSED] - Test Cases/LoginAdmin: Test Cases/LoginAdmin&#xD;
&#xD;
2019-10-09 18:19:02 - [TEST_STEP][PASSED] - openBrowser(URL): Browser is opened with url: 'http://hcc-asset-server.program-ace.net/'&#xD;
&#xD;
2019-10-09 18:19:02 - [MESSAGE][WARNING] - A browser is already opened. Closing browser and opening a new one&#xD;
&#xD;
2019-10-09 18:19:03 - [MESSAGE][INFO] - Starting 'Chrome' driver&#xD;
&#xD;
2019-10-09 18:19:05 - [MESSAGE][PASSED] - Browser is opened with url: 'http://hcc-asset-server.program-ace.net/'&#xD;
&#xD;
2019-10-09 18:19:05 - [TEST_STEP][PASSED] - setViewPortSize(1920, 1080): Viewport is set to new size with width = 1920 and height = 1080&#xD;
&#xD;
2019-10-09 18:19:06 - [MESSAGE][PASSED] - Viewport is set to new size with width = 1920 and height = 1080&#xD;
&#xD;
2019-10-09 18:19:06 - [TEST_STEP][PASSED] - click(findTestObject("StartPage/Page_Laravel/a_Login")): Object: 'Object Repository/StartPage/Page_Laravel/a_Login' is clicked on&#xD;
&#xD;
2019-10-09 18:19:07 - [MESSAGE][PASSED] - Object: 'Object Repository/StartPage/Page_Laravel/a_Login' is clicked on&#xD;
&#xD;
2019-10-09 18:19:07 - [TEST_STEP][PASSED] - setText(findTestObject("Object Repository/LoginPage/Page_Laravel/input_Welcome Back_login"), Username): Text 'Admin@admin.com' is set on object 'Object Repository/LoginPage/Page_Laravel/input_Welcome Back_login'&#xD;
&#xD;
2019-10-09 18:19:07 - [MESSAGE][PASSED] - Text 'Admin@admin.com' is set on object 'Object Repository/LoginPage/Page_Laravel/input_Welcome Back_login'&#xD;
&#xD;
2019-10-09 18:19:07 - [TEST_STEP][PASSED] - setText(findTestObject("Object Repository/LoginPage/Page_Laravel/input_Welcome Back_password"), Password): Text 'admin' is set on object 'Object Repository/LoginPage/Page_Laravel/input_Welcome Back_password'&#xD;
&#xD;
2019-10-09 18:19:07 - [MESSAGE][PASSED] - Text 'admin' is set on object 'Object Repository/LoginPage/Page_Laravel/input_Welcome Back_password'&#xD;
&#xD;
2019-10-09 18:19:07 - [TEST_STEP][PASSED] - check(findTestObject("LoginPage/Page_Laravel/label_Remember Me")): Object 'Object Repository/LoginPage/Page_Laravel/label_Remember Me' is checked&#xD;
&#xD;
2019-10-09 18:19:07 - [MESSAGE][PASSED] - Object 'Object Repository/LoginPage/Page_Laravel/label_Remember Me' is checked&#xD;
&#xD;
2019-10-09 18:19:07 - [TEST_STEP][PASSED] - uncheck(findTestObject("LoginPage/Page_Laravel/label_Remember Me")): Object 'Object Repository/LoginPage/Page_Laravel/label_Remember Me' is un-checked&#xD;
&#xD;
2019-10-09 18:19:08 - [MESSAGE][PASSED] - Object 'Object Repository/LoginPage/Page_Laravel/label_Remember Me' is un-checked&#xD;
&#xD;
2019-10-09 18:19:08 - [TEST_STEP][PASSED] - verifyElementNotChecked(findTestObject("LoginPage/Page_Laravel/label_Remember Me"), 1): Object 'Object Repository/LoginPage/Page_Laravel/label_Remember Me' is not checked&#xD;
&#xD;
2019-10-09 18:19:08 - [MESSAGE][PASSED] - Object 'Object Repository/LoginPage/Page_Laravel/label_Remember Me' is not checked&#xD;
&#xD;
2019-10-09 18:19:08 - [TEST_STEP][PASSED] - click(findTestObject("Object Repository/LoginPage/Page_Laravel/button_Login")): Object: 'Object Repository/LoginPage/Page_Laravel/button_Login' is clicked on&#xD;
&#xD;
2019-10-09 18:19:10 - [MESSAGE][PASSED] - Object: 'Object Repository/LoginPage/Page_Laravel/button_Login' is clicked on</system-out>
            <system-err></system-err>
        </testcase>
        <testcase name="Test Cases/Delete user" classname="Test Cases/Delete user" status="FAILED">
            <failure type="FAILED" message="Test Cases/Delete user FAILED.&#xA;Reason:&#xA;com.kms.katalon.core.exception.StepFailedException: Unable to click on object 'Object Repository/Create User/Page_Laravel/delete_User_button'&#xD;&#xA;&#x9;at com.kms.katalon.core.webui.keyword.internal.WebUIKeywordMain.stepFailed(WebUIKeywordMain.groovy:64)&#xD;&#xA;&#x9;at com.kms.katalon.core.webui.keyword.internal.WebUIKeywordMain.runKeyword(WebUIKeywordMain.groovy:26)&#xD;&#xA;&#x9;at com.kms.katalon.core.webui.keyword.builtin.ClickKeyword.click(ClickKeyword.groovy:86)&#xD;&#xA;&#x9;at com.kms.katalon.core.webui.keyword.builtin.ClickKeyword.execute(ClickKeyword.groovy:67)&#xD;&#xA;&#x9;at com.kms.katalon.core.keyword.internal.KeywordExecutor.executeKeywordForPlatform(KeywordExecutor.groovy:56)&#xD;&#xA;&#x9;at com.kms.katalon.core.webui.keyword.WebUiBuiltInKeywords.click(WebUiBuiltInKeywords.groovy:616)&#xD;&#xA;&#x9;at com.kms.katalon.core.webui.keyword.WebUiBuiltInKeywords$click$4.call(Unknown Source)&#xD;&#xA;&#x9;at Delete user.run(Delete user:22)&#xD;&#xA;&#x9;at com.kms.katalon.core.main.ScriptEngine.run(ScriptEngine.java:194)&#xD;&#xA;&#x9;at com.kms.katalon.core.main.ScriptEngine.runScriptAsRawText(ScriptEngine.java:119)&#xD;&#xA;&#x9;at com.kms.katalon.core.main.TestCaseExecutor.runScript(TestCaseExecutor.java:337)&#xD;&#xA;&#x9;at com.kms.katalon.core.main.TestCaseExecutor.doExecute(TestCaseExecutor.java:328)&#xD;&#xA;&#x9;at com.kms.katalon.core.main.TestCaseExecutor.processExecutionPhase(TestCaseExecutor.java:307)&#xD;&#xA;&#x9;at com.kms.katalon.core.main.TestCaseExecutor.accessMainPhase(TestCaseExecutor.java:299)&#xD;&#xA;&#x9;at com.kms.katalon.core.main.TestCaseExecutor.execute(TestCaseExecutor.java:233)&#xD;&#xA;&#x9;at com.kms.katalon.core.main.TestSuiteExecutor.accessTestCaseMainPhase(TestSuiteExecutor.java:169)&#xD;&#xA;&#x9;at com.kms.katalon.core.main.TestSuiteExecutor.accessTestSuiteMainPhase(TestSuiteExecutor.java:142)&#xD;&#xA;&#x9;at com.kms.katalon.core.main.TestSuiteExecutor.execute(TestSuiteExecutor.java:91)&#xD;&#xA;&#x9;at com.kms.katalon.core.main.TestCaseMain.startTestSuite(TestCaseMain.java:157)&#xD;&#xA;&#x9;at com.kms.katalon.core.main.TestCaseMain$startTestSuite$0.call(Unknown Source)&#xD;&#xA;&#x9;at TempTestSuite1570634313885.run(TempTestSuite1570634313885.groovy:35)&#xD;&#xA;Caused by: org.openqa.selenium.ElementNotInteractableException: element not interactable&#xA;  (Session info: chrome=77.0.3865.90)&#xA;Build info: version: '3.141.59', revision: 'e82be7d358', time: '2018-11-14T08:25:53'&#xA;System info: host: 'DESKTOP-728KFTB', ip: '10.1.4.106', os.name: 'Windows 10', os.arch: 'amd64', os.version: '10.0', java.version: '1.8.0_181'&#xA;Driver info: com.kms.katalon.selenium.driver.CChromeDriver&#xA;Capabilities {acceptInsecureCerts: false, browserName: chrome, browserVersion: 77.0.3865.90, chrome: {chromedriverVersion: 76.0.3809.68 (420c9498db8ce..., userDataDir: C:\Users\vladi\AppData\Loca...}, goog:chromeOptions: {debuggerAddress: localhost:57605}, javascriptEnabled: true, networkConnectionEnabled: false, pageLoadStrategy: normal, platform: XP, platformName: XP, proxy: Proxy(), setWindowRect: true, strictFileInteractability: false, timeouts: {implicit: 0, pageLoad: 300000, script: 30000}, unhandledPromptBehavior: dismiss and notify}&#xA;Session ID: 653a86a1804eaa40a46d00ad924885a5&#xD;&#xA;&#x9;at org.openqa.selenium.remote.http.W3CHttpResponseCodec.createException(W3CHttpResponseCodec.java:187)&#xD;&#xA;&#x9;at org.openqa.selenium.remote.http.W3CHttpResponseCodec.decode(W3CHttpResponseCodec.java:122)&#xD;&#xA;&#x9;at org.openqa.selenium.remote.http.W3CHttpResponseCodec.decode(W3CHttpResponseCodec.java:49)&#xD;&#xA;&#x9;at org.openqa.selenium.remote.HttpCommandExecutor.execute(HttpCommandExecutor.java:158)&#xD;&#xA;&#x9;at org.openqa.selenium.remote.service.DriverCommandExecutor.execute(DriverCommandExecutor.java:83)&#xD;&#xA;&#x9;at org.openqa.selenium.remote.RemoteWebDriver.execute(RemoteWebDriver.java:552)&#xD;&#xA;&#x9;at com.kms.katalon.selenium.driver.CChromeDriver.execute(CChromeDriver.java:20)&#xD;&#xA;&#x9;at org.openqa.selenium.remote.RemoteWebElement.execute(RemoteWebElement.java:285)&#xD;&#xA;&#x9;at org.openqa.selenium.remote.RemoteWebElement.click(RemoteWebElement.java:84)&#xD;&#xA;&#x9;at com.kms.katalon.core.webui.keyword.builtin.ClickKeyword$_click_closure1.doCall(ClickKeyword.groovy:79)&#xD;&#xA;&#x9;at com.kms.katalon.core.webui.keyword.builtin.ClickKeyword$_click_closure1.call(ClickKeyword.groovy)&#xD;&#xA;&#x9;at com.kms.katalon.core.webui.keyword.internal.WebUIKeywordMain.runKeyword(WebUIKeywordMain.groovy:20)&#xD;&#xA;&#x9;... 19 more&#xD;&#xA;"/>
            <system-out>2019-10-09 18:19:10 - [TEST_CASE][FAILED] - Test Cases/Delete user: Test Cases/Delete user FAILED.
Reason:
com.kms.katalon.core.exception.StepFailedException: Unable to click on object 'Object Repository/Create User/Page_Laravel/delete_User_button'&#xD;
	at com.kms.katalon.core.webui.keyword.internal.WebUIKeywordMain.stepFailed(WebUIKeywordMain.groovy:64)&#xD;
	at com.kms.katalon.core.webui.keyword.internal.WebUIKeywordMain.runKeyword(WebUIKeywordMain.groovy:26)&#xD;
	at com.kms.katalon.core.webui.keyword.builtin.ClickKeyword.click(ClickKeyword.groovy:86)&#xD;
	at com.kms.katalon.core.webui.keyword.builtin.ClickKeyword.execute(ClickKeyword.groovy:67)&#xD;
	at com.kms.katalon.core.keyword.internal.KeywordExecutor.executeKeywordForPlatform(KeywordExecutor.groovy:56)&#xD;
	at com.kms.katalon.core.webui.keyword.WebUiBuiltInKeywords.click(WebUiBuiltInKeywords.groovy:616)&#xD;
	at com.kms.katalon.core.webui.keyword.WebUiBuiltInKeywords$click$4.call(Unknown Source)&#xD;
	at Delete user.run(Delete user:22)&#xD;
	at com.kms.katalon.core.main.ScriptEngine.run(ScriptEngine.java:194)&#xD;
	at com.kms.katalon.core.main.ScriptEngine.runScriptAsRawText(ScriptEngine.java:119)&#xD;
	at com.kms.katalon.core.main.TestCaseExecutor.runScript(TestCaseExecutor.java:337)&#xD;
	at com.kms.katalon.core.main.TestCaseExecutor.doExecute(TestCaseExecutor.java:328)&#xD;
	at com.kms.katalon.core.main.TestCaseExecutor.processExecutionPhase(TestCaseExecutor.java:307)&#xD;
	at com.kms.katalon.core.main.TestCaseExecutor.accessMainPhase(TestCaseExecutor.java:299)&#xD;
	at com.kms.katalon.core.main.TestCaseExecutor.execute(TestCaseExecutor.java:233)&#xD;
	at com.kms.katalon.core.main.TestSuiteExecutor.accessTestCaseMainPhase(TestSuiteExecutor.java:169)&#xD;
	at com.kms.katalon.core.main.TestSuiteExecutor.accessTestSuiteMainPhase(TestSuiteExecutor.java:142)&#xD;
	at com.kms.katalon.core.main.TestSuiteExecutor.execute(TestSuiteExecutor.java:91)&#xD;
	at com.kms.katalon.core.main.TestCaseMain.startTestSuite(TestCaseMain.java:157)&#xD;
	at com.kms.katalon.core.main.TestCaseMain$startTestSuite$0.call(Unknown Source)&#xD;
	at TempTestSuite1570634313885.run(TempTestSuite1570634313885.groovy:35)&#xD;
Caused by: org.openqa.selenium.ElementNotInteractableException: element not interactable
  (Session info: chrome=77.0.3865.90)
Build info: version: '3.141.59', revision: 'e82be7d358', time: '2018-11-14T08:25:53'
System info: host: 'DESKTOP-728KFTB', ip: '10.1.4.106', os.name: 'Windows 10', os.arch: 'amd64', os.version: '10.0', java.version: '1.8.0_181'
Driver info: com.kms.katalon.selenium.driver.CChromeDriver
Capabilities {acceptInsecureCerts: false, browserName: chrome, browserVersion: 77.0.3865.90, chrome: {chromedriverVersion: 76.0.3809.68 (420c9498db8ce..., userDataDir: C:\Users\vladi\AppData\Loca...}, goog:chromeOptions: {debuggerAddress: localhost:57605}, javascriptEnabled: true, networkConnectionEnabled: false, pageLoadStrategy: normal, platform: XP, platformName: XP, proxy: Proxy(), setWindowRect: true, strictFileInteractability: false, timeouts: {implicit: 0, pageLoad: 300000, script: 30000}, unhandledPromptBehavior: dismiss and notify}
Session ID: 653a86a1804eaa40a46d00ad924885a5&#xD;
	at org.openqa.selenium.remote.http.W3CHttpResponseCodec.createException(W3CHttpResponseCodec.java:187)&#xD;
	at org.openqa.selenium.remote.http.W3CHttpResponseCodec.decode(W3CHttpResponseCodec.java:122)&#xD;
	at org.openqa.selenium.remote.http.W3CHttpResponseCodec.decode(W3CHttpResponseCodec.java:49)&#xD;
	at org.openqa.selenium.remote.HttpCommandExecutor.execute(HttpCommandExecutor.java:158)&#xD;
	at org.openqa.selenium.remote.service.DriverCommandExecutor.execute(DriverCommandExecutor.java:83)&#xD;
	at org.openqa.selenium.remote.RemoteWebDriver.execute(RemoteWebDriver.java:552)&#xD;
	at com.kms.katalon.selenium.driver.CChromeDriver.execute(CChromeDriver.java:20)&#xD;
	at org.openqa.selenium.remote.RemoteWebElement.execute(RemoteWebElement.java:285)&#xD;
	at org.openqa.selenium.remote.RemoteWebElement.click(RemoteWebElement.java:84)&#xD;
	at com.kms.katalon.core.webui.keyword.builtin.ClickKeyword$_click_closure1.doCall(ClickKeyword.groovy:79)&#xD;
	at com.kms.katalon.core.webui.keyword.builtin.ClickKeyword$_click_closure1.call(ClickKeyword.groovy)&#xD;
	at com.kms.katalon.core.webui.keyword.internal.WebUIKeywordMain.runKeyword(WebUIKeywordMain.groovy:20)&#xD;
	... 19 more&#xD;
&#xD;
&#xD;
2019-10-09 18:19:10 - [TEST_STEP][PASSED] - callTestCase(findTestCase("LoginAdmin"), [:], STOP_ON_FAILURE): Call Test Case 'Test Cases/LoginAdmin' successfully&#xD;
&#xD;
2019-10-09 18:19:10 - [TEST_CASE][PASSED] - Test Cases/LoginAdmin: Test Cases/LoginAdmin&#xD;
&#xD;
2019-10-09 18:19:11 - [TEST_STEP][PASSED] - openBrowser(URL): Browser is opened with url: 'http://hcc-asset-server.program-ace.net/'&#xD;
&#xD;
2019-10-09 18:19:11 - [MESSAGE][WARNING] - A browser is already opened. Closing browser and opening a new one&#xD;
&#xD;
2019-10-09 18:19:11 - [MESSAGE][INFO] - Starting 'Chrome' driver&#xD;
&#xD;
2019-10-09 18:19:14 - [MESSAGE][PASSED] - Browser is opened with url: 'http://hcc-asset-server.program-ace.net/'&#xD;
&#xD;
2019-10-09 18:19:14 - [TEST_STEP][PASSED] - setViewPortSize(1920, 1080): Viewport is set to new size with width = 1920 and height = 1080&#xD;
&#xD;
2019-10-09 18:19:15 - [MESSAGE][PASSED] - Viewport is set to new size with width = 1920 and height = 1080&#xD;
&#xD;
2019-10-09 18:19:15 - [TEST_STEP][PASSED] - click(findTestObject("StartPage/Page_Laravel/a_Login")): Object: 'Object Repository/StartPage/Page_Laravel/a_Login' is clicked on&#xD;
&#xD;
2019-10-09 18:19:16 - [MESSAGE][PASSED] - Object: 'Object Repository/StartPage/Page_Laravel/a_Login' is clicked on&#xD;
&#xD;
2019-10-09 18:19:16 - [TEST_STEP][PASSED] - setText(findTestObject("Object Repository/LoginPage/Page_Laravel/input_Welcome Back_login"), Username): Text 'Admin' is set on object 'Object Repository/LoginPage/Page_Laravel/input_Welcome Back_login'&#xD;
&#xD;
2019-10-09 18:19:16 - [MESSAGE][PASSED] - Text 'Admin' is set on object 'Object Repository/LoginPage/Page_Laravel/input_Welcome Back_login'&#xD;
&#xD;
2019-10-09 18:19:16 - [TEST_STEP][PASSED] - setText(findTestObject("Object Repository/LoginPage/Page_Laravel/input_Welcome Back_password"), Password): Text 'admin' is set on object 'Object Repository/LoginPage/Page_Laravel/input_Welcome Back_password'&#xD;
&#xD;
2019-10-09 18:19:16 - [MESSAGE][PASSED] - Text 'admin' is set on object 'Object Repository/LoginPage/Page_Laravel/input_Welcome Back_password'&#xD;
&#xD;
2019-10-09 18:19:16 - [TEST_STEP][PASSED] - check(findTestObject("LoginPage/Page_Laravel/label_Remember Me")): Object 'Object Repository/LoginPage/Page_Laravel/label_Remember Me' is checked&#xD;
&#xD;
2019-10-09 18:19:16 - [MESSAGE][PASSED] - Object 'Object Repository/LoginPage/Page_Laravel/label_Remember Me' is checked&#xD;
&#xD;
2019-10-09 18:19:16 - [TEST_STEP][PASSED] - uncheck(findTestObject("LoginPage/Page_Laravel/label_Remember Me")): Object 'Object Repository/LoginPage/Page_Laravel/label_Remember Me' is un-checked&#xD;
&#xD;
2019-10-09 18:19:16 - [MESSAGE][PASSED] - Object 'Object Repository/LoginPage/Page_Laravel/label_Remember Me' is un-checked&#xD;
&#xD;
2019-10-09 18:19:16 - [TEST_STEP][PASSED] - verifyElementNotChecked(findTestObject("LoginPage/Page_Laravel/label_Remember Me"), 1): Object 'Object Repository/LoginPage/Page_Laravel/label_Remember Me' is not checked&#xD;
&#xD;
2019-10-09 18:19:16 - [MESSAGE][PASSED] - Object 'Object Repository/LoginPage/Page_Laravel/label_Remember Me' is not checked&#xD;
&#xD;
2019-10-09 18:19:16 - [TEST_STEP][PASSED] - click(findTestObject("Object Repository/LoginPage/Page_Laravel/button_Login")): Object: 'Object Repository/LoginPage/Page_Laravel/button_Login' is clicked on&#xD;
&#xD;
2019-10-09 18:19:17 - [MESSAGE][PASSED] - Object: 'Object Repository/LoginPage/Page_Laravel/button_Login' is clicked on&#xD;
&#xD;
2019-10-09 18:19:17 - [MESSAGE][PASSED] - Call Test Case 'Test Cases/LoginAdmin' successfully&#xD;
&#xD;
2019-10-09 18:19:17 - [TEST_STEP][PASSED] - click(findTestObject("Object Repository/Create User/Page_Laravel/a_Users"), CONTINUE_ON_FAILURE): Object: 'Object Repository/Create User/Page_Laravel/a_Users' is clicked on&#xD;
&#xD;
2019-10-09 18:19:17 - [MESSAGE][PASSED] - Object: 'Object Repository/Create User/Page_Laravel/a_Users' is clicked on&#xD;
&#xD;
2019-10-09 18:19:17 - [TEST_STEP][PASSED] - while (verifyElementPresent(findTestObject("Object Repository/Create User/Page_Laravel/delete_User_button"), 1) == true): Unable to click on object 'Object Repository/Create User/Page_Laravel/delete_User_button' (Root cause: com.kms.katalon.core.exception.StepFailedException: Unable to click on object 'Object Repository/Create User/Page_Laravel/delete_User_button'&#xD;
	at com.kms.katalon.core.webui.keyword.internal.WebUIKeywordMain.stepFailed(WebUIKeywordMain.groovy:64)&#xD;
	at com.kms.katalon.core.webui.keyword.internal.WebUIKeywordMain.runKeyword(WebUIKeywordMain.groovy:26)&#xD;
	at com.kms.katalon.core.webui.keyword.builtin.ClickKeyword.click(ClickKeyword.groovy:86)&#xD;
	at com.kms.katalon.core.webui.keyword.builtin.ClickKeyword.execute(ClickKeyword.groovy:67)&#xD;
	at com.kms.katalon.core.keyword.internal.KeywordExecutor.executeKeywordForPlatform(KeywordExecutor.groovy:56)&#xD;
	at com.kms.katalon.core.webui.keyword.WebUiBuiltInKeywords.click(WebUiBuiltInKeywords.groovy:616)&#xD;
	at com.kms.katalon.core.webui.keyword.WebUiBuiltInKeywords$click$4.call(Unknown Source)&#xD;
	at Delete user.run(Delete user:22)&#xD;
	at com.kms.katalon.core.main.ScriptEngine.run(ScriptEngine.java:194)&#xD;
	at com.kms.katalon.core.main.ScriptEngine.runScriptAsRawText(ScriptEngine.java:119)&#xD;
	at com.kms.katalon.core.main.TestCaseExecutor.runScript(TestCaseExecutor.java:337)&#xD;
	at com.kms.katalon.core.main.TestCaseExecutor.doExecute(TestCaseExecutor.java:328)&#xD;
	at com.kms.katalon.core.main.TestCaseExecutor.processExecutionPhase(TestCaseExecutor.java:307)&#xD;
	at com.kms.katalon.core.main.TestCaseExecutor.accessMainPhase(TestCaseExecutor.java:299)&#xD;
	at com.kms.katalon.core.main.TestCaseExecutor.execute(TestCaseExecutor.java:233)&#xD;
	at com.kms.katalon.core.main.TestSuiteExecutor.accessTestCaseMainPhase(TestSuiteExecutor.java:169)&#xD;
	at com.kms.katalon.core.main.TestSuiteExecutor.accessTestSuiteMainPhase(TestSuiteExecutor.java:142)&#xD;
	at com.kms.katalon.core.main.TestSuiteExecutor.execute(TestSuiteExecutor.java:91)&#xD;
	at com.kms.katalon.core.main.TestCaseMain.startTestSuite(TestCaseMain.java:157)&#xD;
	at com.kms.katalon.core.main.TestCaseMain$startTestSuite$0.call(Unknown Source)&#xD;
	at TempTestSuite1570634313885.run(TempTestSuite1570634313885.groovy:35)&#xD;
Caused by: org.openqa.selenium.ElementNotInteractableException: element not interactable
  (Session info: chrome=77.0.3865.90)
Build info: version: '3.141.59', revision: 'e82be7d358', time: '2018-11-14T08:25:53'
System info: host: 'DESKTOP-728KFTB', ip: '10.1.4.106', os.name: 'Windows 10', os.arch: 'amd64', os.version: '10.0', java.version: '1.8.0_181'
Driver info: com.kms.katalon.selenium.driver.CChromeDriver
Capabilities {acceptInsecureCerts: false, browserName: chrome, browserVersion: 77.0.3865.90, chrome: {chromedriverVersion: 76.0.3809.68 (420c9498db8ce..., userDataDir: C:\Users\vladi\AppData\Loca...}, goog:chromeOptions: {debuggerAddress: localhost:57605}, javascriptEnabled: true, networkConnectionEnabled: false, pageLoadStrategy: normal, platform: XP, platformName: XP, proxy: Proxy(), setWindowRect: true, strictFileInteractability: false, timeouts: {implicit: 0, pageLoad: 300000, script: 30000}, unhandledPromptBehavior: dismiss and notify}
Session ID: 653a86a1804eaa40a46d00ad924885a5&#xD;
	at org.openqa.selenium.remote.http.W3CHttpResponseCodec.createException(W3CHttpResponseCodec.java:187)&#xD;
	at org.openqa.selenium.remote.http.W3CHttpResponseCodec.decode(W3CHttpResponseCodec.java:122)&#xD;
	at org.openqa.selenium.remote.http.W3CHttpResponseCodec.decode(W3CHttpResponseCodec.java:49)&#xD;
	at org.openqa.selenium.remote.HttpCommandExecutor.execute(HttpCommandExecutor.java:158)&#xD;
	at org.openqa.selenium.remote.service.DriverCommandExecutor.execute(DriverCommandExecutor.java:83)&#xD;
	at org.openqa.selenium.remote.RemoteWebDriver.execute(RemoteWebDriver.java:552)&#xD;
	at com.kms.katalon.selenium.driver.CChromeDriver.execute(CChromeDriver.java:20)&#xD;
	at org.openqa.selenium.remote.RemoteWebElement.execute(RemoteWebElement.java:285)&#xD;
	at org.openqa.selenium.remote.RemoteWebElement.click(RemoteWebElement.java:84)&#xD;
	at com.kms.katalon.core.webui.keyword.builtin.ClickKeyword$_click_closure1.doCall(ClickKeyword.groovy:79)&#xD;
	at com.kms.katalon.core.webui.keyword.builtin.ClickKeyword$_click_closure1.call(ClickKeyword.groovy)&#xD;
	at com.kms.katalon.core.webui.keyword.internal.WebUIKeywordMain.runKeyword(WebUIKeywordMain.groovy:20)&#xD;
	at com.kms.katalon.core.webui.keyword.builtin.ClickKeyword.click(ClickKeyword.groovy:86)&#xD;
	at com.kms.katalon.core.webui.keyword.builtin.ClickKeyword.execute(ClickKeyword.groovy:67)&#xD;
	at com.kms.katalon.core.keyword.internal.KeywordExecutor.executeKeywordForPlatform(KeywordExecutor.groovy:56)&#xD;
	at com.kms.katalon.core.webui.keyword.WebUiBuiltInKeywords.click(WebUiBuiltInKeywords.groovy:616)&#xD;
	at com.kms.katalon.core.webui.keyword.WebUiBuiltInKeywords$click$4.call(Unknown Source)&#xD;
	at Script1570093328374.run(Script1570093328374.groovy:22)&#xD;
	... 13 more&#xD;
)&#xD;
&#xD;
2019-10-09 18:19:17 - [MESSAGE][PASSED] - Object 'Object Repository/Create User/Page_Laravel/delete_User_button' is present&#xD;
&#xD;
2019-10-09 18:19:17 - [TEST_STEP][PASSED] - click(findTestObject("Object Repository/Create User/Page_Laravel/delete_User_button")): Object: 'Object Repository/Create User/Page_Laravel/delete_User_button' is clicked on&#xD;
&#xD;
2019-10-09 18:19:18 - [MESSAGE][PASSED] - Object: 'Object Repository/Create User/Page_Laravel/delete_User_button' is clicked on&#xD;
&#xD;
2019-10-09 18:19:18 - [TEST_STEP][PASSED] - waitForAlert(1): Alert is present after 1 second(s).&#xD;
&#xD;
2019-10-09 18:19:18 - [MESSAGE][PASSED] - Alert is present after 1 second(s).&#xD;
&#xD;
2019-10-09 18:19:18 - [TEST_STEP][PASSED] - acceptAlert(): Object 'Object Repository/Create User/Page_Laravel/delete_User_button' is present&#xD;
&#xD;
2019-10-09 18:19:18 - [MESSAGE][PASSED] - Alert accepted&#xD;
&#xD;
2019-10-09 18:19:18 - [MESSAGE][PASSED] - Object 'Object Repository/Create User/Page_Laravel/delete_User_button' is present&#xD;
&#xD;
2019-10-09 18:19:18 - [TEST_STEP][PASSED] - click(findTestObject("Object Repository/Create User/Page_Laravel/delete_User_button")): Object: 'Object Repository/Create User/Page_Laravel/delete_User_button' is clicked on&#xD;
&#xD;
2019-10-09 18:19:18 - [MESSAGE][PASSED] - Object: 'Object Repository/Create User/Page_Laravel/delete_User_button' is clicked on&#xD;
&#xD;
2019-10-09 18:19:18 - [TEST_STEP][PASSED] - waitForAlert(1): Alert is present after 1 second(s).&#xD;
&#xD;
2019-10-09 18:19:18 - [MESSAGE][PASSED] - Alert is present after 1 second(s).&#xD;
&#xD;
2019-10-09 18:19:18 - [TEST_STEP][PASSED] - acceptAlert(): Object 'Object Repository/Create User/Page_Laravel/delete_User_button' is present&#xD;
&#xD;
2019-10-09 18:19:18 - [MESSAGE][PASSED] - Alert accepted&#xD;
&#xD;
2019-10-09 18:19:19 - [MESSAGE][PASSED] - Object 'Object Repository/Create User/Page_Laravel/delete_User_button' is present&#xD;
&#xD;
2019-10-09 18:19:19 - [TEST_STEP][PASSED] - click(findTestObject("Object Repository/Create User/Page_Laravel/delete_User_button")): Object: 'Object Repository/Create User/Page_Laravel/delete_User_button' is clicked on&#xD;
&#xD;
2019-10-09 18:19:19 - [MESSAGE][PASSED] - Object: 'Object Repository/Create User/Page_Laravel/delete_User_button' is clicked on&#xD;
&#xD;
2019-10-09 18:19:19 - [TEST_STEP][PASSED] - waitForAlert(1): Alert is present after 1 second(s).&#xD;
&#xD;
2019-10-09 18:19:19 - [MESSAGE][PASSED] - Alert is present after 1 second(s).&#xD;
&#xD;
2019-10-09 18:19:19 - [TEST_STEP][PASSED] - acceptAlert(): Object 'Object Repository/Create User/Page_Laravel/delete_User_button' is present&#xD;
&#xD;
2019-10-09 18:19:19 - [MESSAGE][PASSED] - Alert accepted&#xD;
&#xD;
2019-10-09 18:19:20 - [MESSAGE][PASSED] - Object 'Object Repository/Create User/Page_Laravel/delete_User_button' is present&#xD;
&#xD;
2019-10-09 18:19:20 - [TEST_STEP][PASSED] - click(findTestObject("Object Repository/Create User/Page_Laravel/delete_User_button")): Object: 'Object Repository/Create User/Page_Laravel/delete_User_button' is clicked on&#xD;
&#xD;
2019-10-09 18:19:20 - [MESSAGE][PASSED] - Object: 'Object Repository/Create User/Page_Laravel/delete_User_button' is clicked on&#xD;
&#xD;
2019-10-09 18:19:20 - [TEST_STEP][PASSED] - waitForAlert(1): Alert is present after 1 second(s).&#xD;
&#xD;
2019-10-09 18:19:20 - [MESSAGE][PASSED] - Alert is present after 1 second(s).&#xD;
&#xD;
2019-10-09 18:19:20 - [TEST_STEP][PASSED] - acceptAlert(): Object 'Object Repository/Create User/Page_Laravel/delete_User_button' is present&#xD;
&#xD;
2019-10-09 18:19:20 - [MESSAGE][PASSED] - Alert accepted&#xD;
&#xD;
2019-10-09 18:19:20 - [MESSAGE][PASSED] - Object 'Object Repository/Create User/Page_Laravel/delete_User_button' is present&#xD;
&#xD;
2019-10-09 18:19:20 - [TEST_STEP][PASSED] - click(findTestObject("Object Repository/Create User/Page_Laravel/delete_User_button")): Object: 'Object Repository/Create User/Page_Laravel/delete_User_button' is clicked on&#xD;
&#xD;
2019-10-09 18:19:20 - [MESSAGE][PASSED] - Object: 'Object Repository/Create User/Page_Laravel/delete_User_button' is clicked on&#xD;
&#xD;
2019-10-09 18:19:20 - [TEST_STEP][PASSED] - waitForAlert(1): Alert is present after 1 second(s).&#xD;
&#xD;
2019-10-09 18:19:20 - [MESSAGE][PASSED] - Alert is present after 1 second(s).&#xD;
&#xD;
2019-10-09 18:19:20 - [TEST_STEP][PASSED] - acceptAlert(): Object 'Object Repository/Create User/Page_Laravel/delete_User_button' is present&#xD;
&#xD;
2019-10-09 18:19:20 - [MESSAGE][PASSED] - Alert accepted&#xD;
&#xD;
2019-10-09 18:19:21 - [MESSAGE][PASSED] - Object 'Object Repository/Create User/Page_Laravel/delete_User_button' is present&#xD;
&#xD;
2019-10-09 18:19:21 - [TEST_STEP][PASSED] - click(findTestObject("Object Repository/Create User/Page_Laravel/delete_User_button")): Object: 'Object Repository/Create User/Page_Laravel/delete_User_button' is clicked on&#xD;
&#xD;
2019-10-09 18:19:21 - [MESSAGE][PASSED] - Object: 'Object Repository/Create User/Page_Laravel/delete_User_button' is clicked on&#xD;
&#xD;
2019-10-09 18:19:21 - [TEST_STEP][PASSED] - waitForAlert(1): Alert is present after 1 second(s).&#xD;
&#xD;
2019-10-09 18:19:21 - [MESSAGE][PASSED] - Alert is present after 1 second(s).&#xD;
&#xD;
2019-10-09 18:19:21 - [TEST_STEP][PASSED] - acceptAlert(): Object 'Object Repository/Create User/Page_Laravel/delete_User_button' is present&#xD;
&#xD;
2019-10-09 18:19:21 - [MESSAGE][PASSED] - Alert accepted&#xD;
&#xD;
2019-10-09 18:19:21 - [MESSAGE][PASSED] - Object 'Object Repository/Create User/Page_Laravel/delete_User_button' is present&#xD;
&#xD;
2019-10-09 18:19:21 - [TEST_STEP][PASSED] - click(findTestObject("Object Repository/Create User/Page_Laravel/delete_User_button")): Object: 'Object Repository/Create User/Page_Laravel/delete_User_button' is clicked on&#xD;
&#xD;
2019-10-09 18:19:21 - [MESSAGE][PASSED] - Object: 'Object Repository/Create User/Page_Laravel/delete_User_button' is clicked on&#xD;
&#xD;
2019-10-09 18:19:21 - [TEST_STEP][PASSED] - waitForAlert(1): Alert is present after 1 second(s).&#xD;
&#xD;
2019-10-09 18:19:21 - [MESSAGE][PASSED] - Alert is present after 1 second(s).&#xD;
&#xD;
2019-10-09 18:19:21 - [TEST_STEP][PASSED] - acceptAlert(): Object 'Object Repository/Create User/Page_Laravel/delete_User_button' is present&#xD;
&#xD;
2019-10-09 18:19:21 - [MESSAGE][PASSED] - Alert accepted&#xD;
&#xD;
2019-10-09 18:19:22 - [MESSAGE][PASSED] - Object 'Object Repository/Create User/Page_Laravel/delete_User_button' is present&#xD;
&#xD;
2019-10-09 18:19:22 - [TEST_STEP][PASSED] - click(findTestObject("Object Repository/Create User/Page_Laravel/delete_User_button")): Object: 'Object Repository/Create User/Page_Laravel/delete_User_button' is clicked on&#xD;
&#xD;
2019-10-09 18:19:22 - [MESSAGE][PASSED] - Object: 'Object Repository/Create User/Page_Laravel/delete_User_button' is clicked on&#xD;
&#xD;
2019-10-09 18:19:22 - [TEST_STEP][PASSED] - waitForAlert(1): Alert is present after 1 second(s).&#xD;
&#xD;
2019-10-09 18:19:22 - [MESSAGE][PASSED] - Alert is present after 1 second(s).&#xD;
&#xD;
2019-10-09 18:19:22 - [TEST_STEP][PASSED] - acceptAlert(): Object 'Object Repository/Create User/Page_Laravel/delete_User_button' is present&#xD;
&#xD;
2019-10-09 18:19:22 - [MESSAGE][PASSED] - Alert accepted&#xD;
&#xD;
2019-10-09 18:19:23 - [MESSAGE][PASSED] - Object 'Object Repository/Create User/Page_Laravel/delete_User_button' is present&#xD;
&#xD;
2019-10-09 18:19:23 - [TEST_STEP][PASSED] - click(findTestObject("Object Repository/Create User/Page_Laravel/delete_User_button")): Object: 'Object Repository/Create User/Page_Laravel/delete_User_button' is clicked on&#xD;
&#xD;
2019-10-09 18:19:23 - [MESSAGE][PASSED] - Object: 'Object Repository/Create User/Page_Laravel/delete_User_button' is clicked on&#xD;
&#xD;
2019-10-09 18:19:23 - [TEST_STEP][PASSED] - waitForAlert(1): Alert is present after 1 second(s).&#xD;
&#xD;
2019-10-09 18:19:23 - [MESSAGE][PASSED] - Alert is present after 1 second(s).&#xD;
&#xD;
2019-10-09 18:19:23 - [TEST_STEP][PASSED] - acceptAlert(): Object 'Object Repository/Create User/Page_Laravel/delete_User_button' is present&#xD;
&#xD;
2019-10-09 18:19:23 - [MESSAGE][PASSED] - Alert accepted&#xD;
&#xD;
2019-10-09 18:19:23 - [MESSAGE][PASSED] - Object 'Object Repository/Create User/Page_Laravel/delete_User_button' is present&#xD;
&#xD;
2019-10-09 18:19:23 - [TEST_STEP][PASSED] - click(findTestObject("Object Repository/Create User/Page_Laravel/delete_User_button")): Object: 'Object Repository/Create User/Page_Laravel/delete_User_button' is clicked on&#xD;
&#xD;
2019-10-09 18:19:23 - [MESSAGE][PASSED] - Object: 'Object Repository/Create User/Page_Laravel/delete_User_button' is clicked on&#xD;
&#xD;
2019-10-09 18:19:23 - [TEST_STEP][PASSED] - waitForAlert(1): Alert is present after 1 second(s).&#xD;
&#xD;
2019-10-09 18:19:23 - [MESSAGE][PASSED] - Alert is present after 1 second(s).&#xD;
&#xD;
2019-10-09 18:19:23 - [TEST_STEP][PASSED] - acceptAlert(): Object 'Object Repository/Create User/Page_Laravel/delete_User_button' is present&#xD;
&#xD;
2019-10-09 18:19:23 - [MESSAGE][PASSED] - Alert accepted&#xD;
&#xD;
2019-10-09 18:19:24 - [MESSAGE][PASSED] - Object 'Object Repository/Create User/Page_Laravel/delete_User_button' is present&#xD;
&#xD;
2019-10-09 18:19:24 - [TEST_STEP][PASSED] - click(findTestObject("Object Repository/Create User/Page_Laravel/delete_User_button")): Object: 'Object Repository/Create User/Page_Laravel/delete_User_button' is clicked on&#xD;
&#xD;
2019-10-09 18:19:24 - [MESSAGE][PASSED] - Object: 'Object Repository/Create User/Page_Laravel/delete_User_button' is clicked on&#xD;
&#xD;
2019-10-09 18:19:24 - [TEST_STEP][PASSED] - waitForAlert(1): Alert is present after 1 second(s).&#xD;
&#xD;
2019-10-09 18:19:24 - [MESSAGE][PASSED] - Alert is present after 1 second(s).&#xD;
&#xD;
2019-10-09 18:19:24 - [TEST_STEP][PASSED] - acceptAlert(): Object 'Object Repository/Create User/Page_Laravel/delete_User_button' is present&#xD;
&#xD;
2019-10-09 18:19:24 - [MESSAGE][PASSED] - Alert accepted&#xD;
&#xD;
2019-10-09 18:19:24 - [MESSAGE][PASSED] - Object 'Object Repository/Create User/Page_Laravel/delete_User_button' is present&#xD;
&#xD;
2019-10-09 18:19:24 - [TEST_STEP][FAILED] - click(findTestObject("Object Repository/Create User/Page_Laravel/delete_User_button")): Unable to click on object 'Object Repository/Create User/Page_Laravel/delete_User_button' (Root cause: com.kms.katalon.core.exception.StepFailedException: Unable to click on object 'Object Repository/Create User/Page_Laravel/delete_User_button'&#xD;
	at com.kms.katalon.core.webui.keyword.internal.WebUIKeywordMain.stepFailed(WebUIKeywordMain.groovy:64)&#xD;
	at com.kms.katalon.core.webui.keyword.internal.WebUIKeywordMain.runKeyword(WebUIKeywordMain.groovy:26)&#xD;
	at com.kms.katalon.core.webui.keyword.builtin.ClickKeyword.click(ClickKeyword.groovy:86)&#xD;
	at com.kms.katalon.core.webui.keyword.builtin.ClickKeyword.execute(ClickKeyword.groovy:67)&#xD;
	at com.kms.katalon.core.keyword.internal.KeywordExecutor.executeKeywordForPlatform(KeywordExecutor.groovy:56)&#xD;
	at com.kms.katalon.core.webui.keyword.WebUiBuiltInKeywords.click(WebUiBuiltInKeywords.groovy:616)&#xD;
	at com.kms.katalon.core.webui.keyword.WebUiBuiltInKeywords$click$4.call(Unknown Source)&#xD;
	at Delete user.run(Delete user:22)&#xD;
	at com.kms.katalon.core.main.ScriptEngine.run(ScriptEngine.java:194)&#xD;
	at com.kms.katalon.core.main.ScriptEngine.runScriptAsRawText(ScriptEngine.java:119)&#xD;
	at com.kms.katalon.core.main.TestCaseExecutor.runScript(TestCaseExecutor.java:337)&#xD;
	at com.kms.katalon.core.main.TestCaseExecutor.doExecute(TestCaseExecutor.java:328)&#xD;
	at com.kms.katalon.core.main.TestCaseExecutor.processExecutionPhase(TestCaseExecutor.java:307)&#xD;
	at com.kms.katalon.core.main.TestCaseExecutor.accessMainPhase(TestCaseExecutor.java:299)&#xD;
	at com.kms.katalon.core.main.TestCaseExecutor.execute(TestCaseExecutor.java:233)&#xD;
	at com.kms.katalon.core.main.TestSuiteExecutor.accessTestCaseMainPhase(TestSuiteExecutor.java:169)&#xD;
	at com.kms.katalon.core.main.TestSuiteExecutor.accessTestSuiteMainPhase(TestSuiteExecutor.java:142)&#xD;
	at com.kms.katalon.core.main.TestSuiteExecutor.execute(TestSuiteExecutor.java:91)&#xD;
	at com.kms.katalon.core.main.TestCaseMain.startTestSuite(TestCaseMain.java:157)&#xD;
	at com.kms.katalon.core.main.TestCaseMain$startTestSuite$0.call(Unknown Source)&#xD;
	at TempTestSuite1570634313885.run(TempTestSuite1570634313885.groovy:35)&#xD;
Caused by: org.openqa.selenium.ElementNotInteractableException: element not interactable
  (Session info: chrome=77.0.3865.90)
Build info: version: '3.141.59', revision: 'e82be7d358', time: '2018-11-14T08:25:53'
System info: host: 'DESKTOP-728KFTB', ip: '10.1.4.106', os.name: 'Windows 10', os.arch: 'amd64', os.version: '10.0', java.version: '1.8.0_181'
Driver info: com.kms.katalon.selenium.driver.CChromeDriver
Capabilities {acceptInsecureCerts: false, browserName: chrome, browserVersion: 77.0.3865.90, chrome: {chromedriverVersion: 76.0.3809.68 (420c9498db8ce..., userDataDir: C:\Users\vladi\AppData\Loca...}, goog:chromeOptions: {debuggerAddress: localhost:57605}, javascriptEnabled: true, networkConnectionEnabled: false, pageLoadStrategy: normal, platform: XP, platformName: XP, proxy: Proxy(), setWindowRect: true, strictFileInteractability: false, timeouts: {implicit: 0, pageLoad: 300000, script: 30000}, unhandledPromptBehavior: dismiss and notify}
Session ID: 653a86a1804eaa40a46d00ad924885a5&#xD;
	at org.openqa.selenium.remote.http.W3CHttpResponseCodec.createException(W3CHttpResponseCodec.java:187)&#xD;
	at org.openqa.selenium.remote.http.W3CHttpResponseCodec.decode(W3CHttpResponseCodec.java:122)&#xD;
	at org.openqa.selenium.remote.http.W3CHttpResponseCodec.decode(W3CHttpResponseCodec.java:49)&#xD;
	at org.openqa.selenium.remote.HttpCommandExecutor.execute(HttpCommandExecutor.java:158)&#xD;
	at org.openqa.selenium.remote.service.DriverCommandExecutor.execute(DriverCommandExecutor.java:83)&#xD;
	at org.openqa.selenium.remote.RemoteWebDriver.execute(RemoteWebDriver.java:552)&#xD;
	at com.kms.katalon.selenium.driver.CChromeDriver.execute(CChromeDriver.java:20)&#xD;
	at org.openqa.selenium.remote.RemoteWebElement.execute(RemoteWebElement.java:285)&#xD;
	at org.openqa.selenium.remote.RemoteWebElement.click(RemoteWebElement.java:84)&#xD;
	at com.kms.katalon.core.webui.keyword.builtin.ClickKeyword$_click_closure1.doCall(ClickKeyword.groovy:79)&#xD;
	at com.kms.katalon.core.webui.keyword.builtin.ClickKeyword$_click_closure1.call(ClickKeyword.groovy)&#xD;
	at com.kms.katalon.core.webui.keyword.internal.WebUIKeywordMain.runKeyword(WebUIKeywordMain.groovy:20)&#xD;
	at com.kms.katalon.core.webui.keyword.builtin.ClickKeyword.click(ClickKeyword.groovy:86)&#xD;
	at com.kms.katalon.core.webui.keyword.builtin.ClickKeyword.execute(ClickKeyword.groovy:67)&#xD;
	at com.kms.katalon.core.keyword.internal.KeywordExecutor.executeKeywordForPlatform(KeywordExecutor.groovy:56)&#xD;
	at com.kms.katalon.core.webui.keyword.WebUiBuiltInKeywords.click(WebUiBuiltInKeywords.groovy:616)&#xD;
	at com.kms.katalon.core.webui.keyword.WebUiBuiltInKeywords$click$4.call(Unknown Source)&#xD;
	at Script1570093328374.run(Script1570093328374.groovy:22)&#xD;
	... 13 more&#xD;
)&#xD;
&#xD;
2019-10-09 18:19:25 - [MESSAGE][FAILED] - Unable to click on object 'Object Repository/Create User/Page_Laravel/delete_User_button' (Root cause: com.kms.katalon.core.exception.StepFailedException: Unable to click on object 'Object Repository/Create User/Page_Laravel/delete_User_button'&#xD;
	at com.kms.katalon.core.webui.keyword.internal.WebUIKeywordMain.stepFailed(WebUIKeywordMain.groovy:64)&#xD;
	at com.kms.katalon.core.webui.keyword.internal.WebUIKeywordMain.runKeyword(WebUIKeywordMain.groovy:26)&#xD;
	at com.kms.katalon.core.webui.keyword.builtin.ClickKeyword.click(ClickKeyword.groovy:86)&#xD;
	at com.kms.katalon.core.webui.keyword.builtin.ClickKeyword.execute(ClickKeyword.groovy:67)&#xD;
	at com.kms.katalon.core.keyword.internal.KeywordExecutor.executeKeywordForPlatform(KeywordExecutor.groovy:56)&#xD;
	at com.kms.katalon.core.webui.keyword.WebUiBuiltInKeywords.click(WebUiBuiltInKeywords.groovy:616)&#xD;
	at com.kms.katalon.core.webui.keyword.WebUiBuiltInKeywords$click$4.call(Unknown Source)&#xD;
	at Delete user.run(Delete user:22)&#xD;
	at com.kms.katalon.core.main.ScriptEngine.run(ScriptEngine.java:194)&#xD;
	at com.kms.katalon.core.main.ScriptEngine.runScriptAsRawText(ScriptEngine.java:119)&#xD;
	at com.kms.katalon.core.main.TestCaseExecutor.runScript(TestCaseExecutor.java:337)&#xD;
	at com.kms.katalon.core.main.TestCaseExecutor.doExecute(TestCaseExecutor.java:328)&#xD;
	at com.kms.katalon.core.main.TestCaseExecutor.processExecutionPhase(TestCaseExecutor.java:307)&#xD;
	at com.kms.katalon.core.main.TestCaseExecutor.accessMainPhase(TestCaseExecutor.java:299)&#xD;
	at com.kms.katalon.core.main.TestCaseExecutor.execute(TestCaseExecutor.java:233)&#xD;
	at com.kms.katalon.core.main.TestSuiteExecutor.accessTestCaseMainPhase(TestSuiteExecutor.java:169)&#xD;
	at com.kms.katalon.core.main.TestSuiteExecutor.accessTestSuiteMainPhase(TestSuiteExecutor.java:142)&#xD;
	at com.kms.katalon.core.main.TestSuiteExecutor.execute(TestSuiteExecutor.java:91)&#xD;
	at com.kms.katalon.core.main.TestCaseMain.startTestSuite(TestCaseMain.java:157)&#xD;
	at com.kms.katalon.core.main.TestCaseMain$startTestSuite$0.call(Unknown Source)&#xD;
	at TempTestSuite1570634313885.run(TempTestSuite1570634313885.groovy:35)&#xD;
Caused by: org.openqa.selenium.ElementNotInteractableException: element not interactable
  (Session info: chrome=77.0.3865.90)
Build info: version: '3.141.59', revision: 'e82be7d358', time: '2018-11-14T08:25:53'
System info: host: 'DESKTOP-728KFTB', ip: '10.1.4.106', os.name: 'Windows 10', os.arch: 'amd64', os.version: '10.0', java.version: '1.8.0_181'
Driver info: com.kms.katalon.selenium.driver.CChromeDriver
Capabilities {acceptInsecureCerts: false, browserName: chrome, browserVersion: 77.0.3865.90, chrome: {chromedriverVersion: 76.0.3809.68 (420c9498db8ce..., userDataDir: C:\Users\vladi\AppData\Loca...}, goog:chromeOptions: {debuggerAddress: localhost:57605}, javascriptEnabled: true, networkConnectionEnabled: false, pageLoadStrategy: normal, platform: XP, platformName: XP, proxy: Proxy(), setWindowRect: true, strictFileInteractability: false, timeouts: {implicit: 0, pageLoad: 300000, script: 30000}, unhandledPromptBehavior: dismiss and notify}
Session ID: 653a86a1804eaa40a46d00ad924885a5&#xD;
	at org.openqa.selenium.remote.http.W3CHttpResponseCodec.createException(W3CHttpResponseCodec.java:187)&#xD;
	at org.openqa.selenium.remote.http.W3CHttpResponseCodec.decode(W3CHttpResponseCodec.java:122)&#xD;
	at org.openqa.selenium.remote.http.W3CHttpResponseCodec.decode(W3CHttpResponseCodec.java:49)&#xD;
	at org.openqa.selenium.remote.HttpCommandExecutor.execute(HttpCommandExecutor.java:158)&#xD;
	at org.openqa.selenium.remote.service.DriverCommandExecutor.execute(DriverCommandExecutor.java:83)&#xD;
	at org.openqa.selenium.remote.RemoteWebDriver.execute(RemoteWebDriver.java:552)&#xD;
	at com.kms.katalon.selenium.driver.CChromeDriver.execute(CChromeDriver.java:20)&#xD;
	at org.openqa.selenium.remote.RemoteWebElement.execute(RemoteWebElement.java:285)&#xD;
	at org.openqa.selenium.remote.RemoteWebElement.click(RemoteWebElement.java:84)&#xD;
	at com.kms.katalon.core.webui.keyword.builtin.ClickKeyword$_click_closure1.doCall(ClickKeyword.groovy:79)&#xD;
	at com.kms.katalon.core.webui.keyword.builtin.ClickKeyword$_click_closure1.call(ClickKeyword.groovy)&#xD;
	at com.kms.katalon.core.webui.keyword.internal.WebUIKeywordMain.runKeyword(WebUIKeywordMain.groovy:20)&#xD;
	at com.kms.katalon.core.webui.keyword.builtin.ClickKeyword.click(ClickKeyword.groovy:86)&#xD;
	at com.kms.katalon.core.webui.keyword.builtin.ClickKeyword.execute(ClickKeyword.groovy:67)&#xD;
	at com.kms.katalon.core.keyword.internal.KeywordExecutor.executeKeywordForPlatform(KeywordExecutor.groovy:56)&#xD;
	at com.kms.katalon.core.webui.keyword.WebUiBuiltInKeywords.click(WebUiBuiltInKeywords.groovy:616)&#xD;
	at com.kms.katalon.core.webui.keyword.WebUiBuiltInKeywords$click$4.call(Unknown Source)&#xD;
	at Script1570093328374.run(Script1570093328374.groovy:22)&#xD;
	... 13 more&#xD;
)&#xD;
[[ATTACHMENT|C:\\Users\\vladi\\git\\KatalonGitTest\\Reports\\20191009_181833\\Admin\\20191009_181833\\1570634364928.png]]</system-out>
            <system-err>2019-10-09 18:19:10 - [TEST_CASE][FAILED] - Test Cases/Delete user: Test Cases/Delete user FAILED.
Reason:
com.kms.katalon.core.exception.StepFailedException: Unable to click on object 'Object Repository/Create User/Page_Laravel/delete_User_button'&#xD;
	at com.kms.katalon.core.webui.keyword.internal.WebUIKeywordMain.stepFailed(WebUIKeywordMain.groovy:64)&#xD;
	at com.kms.katalon.core.webui.keyword.internal.WebUIKeywordMain.runKeyword(WebUIKeywordMain.groovy:26)&#xD;
	at com.kms.katalon.core.webui.keyword.builtin.ClickKeyword.click(ClickKeyword.groovy:86)&#xD;
	at com.kms.katalon.core.webui.keyword.builtin.ClickKeyword.execute(ClickKeyword.groovy:67)&#xD;
	at com.kms.katalon.core.keyword.internal.KeywordExecutor.executeKeywordForPlatform(KeywordExecutor.groovy:56)&#xD;
	at com.kms.katalon.core.webui.keyword.WebUiBuiltInKeywords.click(WebUiBuiltInKeywords.groovy:616)&#xD;
	at com.kms.katalon.core.webui.keyword.WebUiBuiltInKeywords$click$4.call(Unknown Source)&#xD;
	at Delete user.run(Delete user:22)&#xD;
	at com.kms.katalon.core.main.ScriptEngine.run(ScriptEngine.java:194)&#xD;
	at com.kms.katalon.core.main.ScriptEngine.runScriptAsRawText(ScriptEngine.java:119)&#xD;
	at com.kms.katalon.core.main.TestCaseExecutor.runScript(TestCaseExecutor.java:337)&#xD;
	at com.kms.katalon.core.main.TestCaseExecutor.doExecute(TestCaseExecutor.java:328)&#xD;
	at com.kms.katalon.core.main.TestCaseExecutor.processExecutionPhase(TestCaseExecutor.java:307)&#xD;
	at com.kms.katalon.core.main.TestCaseExecutor.accessMainPhase(TestCaseExecutor.java:299)&#xD;
	at com.kms.katalon.core.main.TestCaseExecutor.execute(TestCaseExecutor.java:233)&#xD;
	at com.kms.katalon.core.main.TestSuiteExecutor.accessTestCaseMainPhase(TestSuiteExecutor.java:169)&#xD;
	at com.kms.katalon.core.main.TestSuiteExecutor.accessTestSuiteMainPhase(TestSuiteExecutor.java:142)&#xD;
	at com.kms.katalon.core.main.TestSuiteExecutor.execute(TestSuiteExecutor.java:91)&#xD;
	at com.kms.katalon.core.main.TestCaseMain.startTestSuite(TestCaseMain.java:157)&#xD;
	at com.kms.katalon.core.main.TestCaseMain$startTestSuite$0.call(Unknown Source)&#xD;
	at TempTestSuite1570634313885.run(TempTestSuite1570634313885.groovy:35)&#xD;
Caused by: org.openqa.selenium.ElementNotInteractableException: element not interactable
  (Session info: chrome=77.0.3865.90)
Build info: version: '3.141.59', revision: 'e82be7d358', time: '2018-11-14T08:25:53'
System info: host: 'DESKTOP-728KFTB', ip: '10.1.4.106', os.name: 'Windows 10', os.arch: 'amd64', os.version: '10.0', java.version: '1.8.0_181'
Driver info: com.kms.katalon.selenium.driver.CChromeDriver
Capabilities {acceptInsecureCerts: false, browserName: chrome, browserVersion: 77.0.3865.90, chrome: {chromedriverVersion: 76.0.3809.68 (420c9498db8ce..., userDataDir: C:\Users\vladi\AppData\Loca...}, goog:chromeOptions: {debuggerAddress: localhost:57605}, javascriptEnabled: true, networkConnectionEnabled: false, pageLoadStrategy: normal, platform: XP, platformName: XP, proxy: Proxy(), setWindowRect: true, strictFileInteractability: false, timeouts: {implicit: 0, pageLoad: 300000, script: 30000}, unhandledPromptBehavior: dismiss and notify}
Session ID: 653a86a1804eaa40a46d00ad924885a5&#xD;
	at org.openqa.selenium.remote.http.W3CHttpResponseCodec.createException(W3CHttpResponseCodec.java:187)&#xD;
	at org.openqa.selenium.remote.http.W3CHttpResponseCodec.decode(W3CHttpResponseCodec.java:122)&#xD;
	at org.openqa.selenium.remote.http.W3CHttpResponseCodec.decode(W3CHttpResponseCodec.java:49)&#xD;
	at org.openqa.selenium.remote.HttpCommandExecutor.execute(HttpCommandExecutor.java:158)&#xD;
	at org.openqa.selenium.remote.service.DriverCommandExecutor.execute(DriverCommandExecutor.java:83)&#xD;
	at org.openqa.selenium.remote.RemoteWebDriver.execute(RemoteWebDriver.java:552)&#xD;
	at com.kms.katalon.selenium.driver.CChromeDriver.execute(CChromeDriver.java:20)&#xD;
	at org.openqa.selenium.remote.RemoteWebElement.execute(RemoteWebElement.java:285)&#xD;
	at org.openqa.selenium.remote.RemoteWebElement.click(RemoteWebElement.java:84)&#xD;
	at com.kms.katalon.core.webui.keyword.builtin.ClickKeyword$_click_closure1.doCall(ClickKeyword.groovy:79)&#xD;
	at com.kms.katalon.core.webui.keyword.builtin.ClickKeyword$_click_closure1.call(ClickKeyword.groovy)&#xD;
	at com.kms.katalon.core.webui.keyword.internal.WebUIKeywordMain.runKeyword(WebUIKeywordMain.groovy:20)&#xD;
	... 19 more</system-err>
        </testcase>
        <system-out>2019-10-09 18:18:36 - [TEST_SUITE][INCOMPLETE] - Admin: null</system-out>
        <system-err>2019-10-09 18:18:36 - [TEST_SUITE][INCOMPLETE] - Admin: null</system-err>
    </testsuite>
</testsuites>
