<?xml version="1.0" encoding="UTF-8" standalone="yes"?>
<testsuites name="Admin" time="28" tests="3" failures="1" errors="0">
    <testsuite name="Admin" tests="3" failures="1" errors="0" time="28" timestamp="2019-10-09 18:19:28" hostname="vladi - DESKTOP-728KFTB" id="Test Suites/Admin">
        <properties>
            <property name="deviceName" value=""/>
            <property name="devicePlatform" value=""/>
            <property name="logFolder" value="C:\\Users\\vladi\\git\\KatalonGitTest\\Reports\\20191009_181833\\Admin\\20191009_181834"/>
            <property name="logFiles" value="C:\\Users\\vladi\\git\\KatalonGitTest\\Reports\\20191009_181833\\Admin\\20191009_181834\\execution0.log"/>
            <property name="attachments" value="C:\\Users\\vladi\\git\\KatalonGitTest\\Reports\\20191009_181833\\Admin\\20191009_181834\\1570634396395.png"/>
            <property name="hostName" value="vladi - DESKTOP-728KFTB"/>
            <property name="os" value="Windows 10 64bit"/>
            <property name="katalonVersion" value="6.3.3.11"/>
            <property name="browser" value="Firefox 69.0"/>
            <property name="hostAddress" value="10.1.4.106"/>
            <property name="sessionId" value="6d6b4588-fdd5-4ad7-ac81-535386948f7c"/>
            <property name="seleniumVersion" value="3.141.59"/>
            <property name="proxyInformation" value="ProxyInformation{proxyOption=NO_PROXY, proxyServerType=HTTP, password=, proxyServerAddress=, proxyServerPort=0}"/>
            <property name="platform" value="Windows 10"/>
        </properties>
        <testcase name="Test Cases/StartPage" classname="Test Cases/StartPage" status="PASSED">
            <system-out>2019-10-09 18:19:28 - [TEST_CASE][PASSED] - Test Cases/StartPage: Test Cases/StartPage&#xD;
&#xD;
2019-10-09 18:19:28 - [TEST_STEP][PASSED] - openBrowser("http://hcc-asset-server.program-ace.net/"): Browser is opened with url: 'http://hcc-asset-server.program-ace.net/'&#xD;
&#xD;
2019-10-09 18:19:28 - [MESSAGE][INFO] - Starting 'Firefox' driver&#xD;
&#xD;
2019-10-09 18:19:28 - [MESSAGE][INFO] - Action delay is set to 0 seconds&#xD;
&#xD;
2019-10-09 18:19:33 - [MESSAGE][PASSED] - Browser is opened with url: 'http://hcc-asset-server.program-ace.net/'&#xD;
&#xD;
2019-10-09 18:19:33 - [TEST_STEP][PASSED] - setViewPortSize(1920, 1080): Viewport is set to new size with width = 1920 and height = 1080&#xD;
&#xD;
2019-10-09 18:19:33 - [MESSAGE][PASSED] - Viewport is set to new size with width = 1920 and height = 1080&#xD;
&#xD;
2019-10-09 18:19:33 - [TEST_STEP][PASSED] - verifyElementPresent(findTestObject("StartPage/Page_Laravel/h1_RealDigitalSolutions"), 0): Object 'Object Repository/StartPage/Page_Laravel/h1_RealDigitalSolutions' is present&#xD;
&#xD;
2019-10-09 18:19:33 - [MESSAGE][WARNING] - Timeout '0' is invalid. Using default page load timeout: '5'&#xD;
&#xD;
2019-10-09 18:19:33 - [MESSAGE][PASSED] - Object 'Object Repository/StartPage/Page_Laravel/h1_RealDigitalSolutions' is present&#xD;
&#xD;
2019-10-09 18:19:33 - [TEST_STEP][PASSED] - verifyElementPresent(findTestObject("StartPage/Page_Laravel/img"), 0): Object 'Object Repository/StartPage/Page_Laravel/img' is present&#xD;
&#xD;
2019-10-09 18:19:33 - [MESSAGE][WARNING] - Timeout '0' is invalid. Using default page load timeout: '5'&#xD;
&#xD;
2019-10-09 18:19:33 - [MESSAGE][PASSED] - Object 'Object Repository/StartPage/Page_Laravel/img' is present&#xD;
&#xD;
2019-10-09 18:19:33 - [TEST_STEP][PASSED] - verifyElementPresent(findTestObject("StartPage/Page_Laravel/svg_Login_logo-word"), 0): Object 'Object Repository/StartPage/Page_Laravel/svg_Login_logo-word' is present&#xD;
&#xD;
2019-10-09 18:19:33 - [MESSAGE][WARNING] - Timeout '0' is invalid. Using default page load timeout: '5'&#xD;
&#xD;
2019-10-09 18:19:33 - [MESSAGE][PASSED] - Object 'Object Repository/StartPage/Page_Laravel/svg_Login_logo-word' is present&#xD;
&#xD;
2019-10-09 18:19:33 - [TEST_STEP][PASSED] - verifyElementPresent(findTestObject("StartPage/Page_Laravel/ul_Auszeichnung Landespreis"), 0): Object 'Object Repository/StartPage/Page_Laravel/ul_Auszeichnung Landespreis' is present&#xD;
&#xD;
2019-10-09 18:19:33 - [MESSAGE][WARNING] - Timeout '0' is invalid. Using default page load timeout: '5'&#xD;
&#xD;
2019-10-09 18:19:33 - [MESSAGE][PASSED] - Object 'Object Repository/StartPage/Page_Laravel/ul_Auszeichnung Landespreis' is present&#xD;
&#xD;
2019-10-09 18:19:33 - [TEST_STEP][PASSED] - verifyElementPresent(findTestObject("StartPage/Page_Laravel/a_Login"), 0): Object 'Object Repository/StartPage/Page_Laravel/a_Login' is present&#xD;
&#xD;
2019-10-09 18:19:33 - [MESSAGE][WARNING] - Timeout '0' is invalid. Using default page load timeout: '5'&#xD;
&#xD;
2019-10-09 18:19:33 - [MESSAGE][PASSED] - Object 'Object Repository/StartPage/Page_Laravel/a_Login' is present&#xD;
&#xD;
2019-10-09 18:19:33 - [TEST_STEP][PASSED] - setViewPortSize(1024, 750): Viewport is set to new size with width = 1024 and height = 750&#xD;
&#xD;
2019-10-09 18:19:33 - [MESSAGE][PASSED] - Viewport is set to new size with width = 1024 and height = 750&#xD;
&#xD;
2019-10-09 18:19:33 - [TEST_STEP][PASSED] - verifyElementPresent(findTestObject("StartPage/Page_Laravel/h1_RealDigitalSolutions"), 0): Object 'Object Repository/StartPage/Page_Laravel/h1_RealDigitalSolutions' is present&#xD;
&#xD;
2019-10-09 18:19:33 - [MESSAGE][WARNING] - Timeout '0' is invalid. Using default page load timeout: '5'&#xD;
&#xD;
2019-10-09 18:19:33 - [MESSAGE][PASSED] - Object 'Object Repository/StartPage/Page_Laravel/h1_RealDigitalSolutions' is present&#xD;
&#xD;
2019-10-09 18:19:33 - [TEST_STEP][PASSED] - verifyElementPresent(findTestObject("StartPage/Page_Laravel/img"), 0): Object 'Object Repository/StartPage/Page_Laravel/img' is present&#xD;
&#xD;
2019-10-09 18:19:33 - [MESSAGE][WARNING] - Timeout '0' is invalid. Using default page load timeout: '5'&#xD;
&#xD;
2019-10-09 18:19:33 - [MESSAGE][PASSED] - Object 'Object Repository/StartPage/Page_Laravel/img' is present&#xD;
&#xD;
2019-10-09 18:19:33 - [TEST_STEP][PASSED] - verifyElementPresent(findTestObject("StartPage/Page_Laravel/svg_Login_logo-word"), 0): Object 'Object Repository/StartPage/Page_Laravel/svg_Login_logo-word' is present&#xD;
&#xD;
2019-10-09 18:19:33 - [MESSAGE][WARNING] - Timeout '0' is invalid. Using default page load timeout: '5'&#xD;
&#xD;
2019-10-09 18:19:33 - [MESSAGE][PASSED] - Object 'Object Repository/StartPage/Page_Laravel/svg_Login_logo-word' is present&#xD;
&#xD;
2019-10-09 18:19:33 - [TEST_STEP][PASSED] - verifyElementPresent(findTestObject("StartPage/Page_Laravel/ul_Auszeichnung Landespreis"), 0): Object 'Object Repository/StartPage/Page_Laravel/ul_Auszeichnung Landespreis' is present&#xD;
&#xD;
2019-10-09 18:19:33 - [MESSAGE][WARNING] - Timeout '0' is invalid. Using default page load timeout: '5'&#xD;
&#xD;
2019-10-09 18:19:33 - [MESSAGE][PASSED] - Object 'Object Repository/StartPage/Page_Laravel/ul_Auszeichnung Landespreis' is present&#xD;
&#xD;
2019-10-09 18:19:33 - [TEST_STEP][PASSED] - verifyElementPresent(findTestObject("StartPage/Page_Laravel/a_Login"), 0): Object 'Object Repository/StartPage/Page_Laravel/a_Login' is present&#xD;
&#xD;
2019-10-09 18:19:33 - [MESSAGE][WARNING] - Timeout '0' is invalid. Using default page load timeout: '5'&#xD;
&#xD;
2019-10-09 18:19:33 - [MESSAGE][PASSED] - Object 'Object Repository/StartPage/Page_Laravel/a_Login' is present&#xD;
&#xD;
2019-10-09 18:19:33 - [TEST_STEP][PASSED] - setViewPortSize(1920, 1080): Viewport is set to new size with width = 1920 and height = 1080&#xD;
&#xD;
2019-10-09 18:19:34 - [MESSAGE][PASSED] - Viewport is set to new size with width = 1920 and height = 1080&#xD;
&#xD;
2019-10-09 18:19:34 - [TEST_STEP][PASSED] - click(findTestObject("StartPage/Page_Laravel/a_Login"), STOP_ON_FAILURE): Object: 'Object Repository/StartPage/Page_Laravel/a_Login' is clicked on&#xD;
&#xD;
2019-10-09 18:19:34 - [MESSAGE][PASSED] - Object: 'Object Repository/StartPage/Page_Laravel/a_Login' is clicked on&#xD;
&#xD;
2019-10-09 18:19:34 - [TEST_STEP][PASSED] - closeBrowser(): Browser is closed&#xD;
&#xD;
2019-10-09 18:19:35 - [MESSAGE][PASSED] - Browser is closed</system-out>
            <system-err></system-err>
        </testcase>
        <testcase name="Test Cases/LoginAdmin" classname="Test Cases/LoginAdmin" status="PASSED">
            <system-out>2019-10-09 18:19:35 - [TEST_CASE][PASSED] - Test Cases/LoginAdmin: Test Cases/LoginAdmin&#xD;
&#xD;
2019-10-09 18:19:35 - [TEST_STEP][PASSED] - openBrowser(URL): Browser is opened with url: 'http://hcc-asset-server.program-ace.net/'&#xD;
&#xD;
2019-10-09 18:19:36 - [MESSAGE][INFO] - Starting 'Firefox' driver&#xD;
&#xD;
2019-10-09 18:19:39 - [MESSAGE][PASSED] - Browser is opened with url: 'http://hcc-asset-server.program-ace.net/'&#xD;
&#xD;
2019-10-09 18:19:39 - [TEST_STEP][PASSED] - setViewPortSize(1920, 1080): Viewport is set to new size with width = 1920 and height = 1080&#xD;
&#xD;
2019-10-09 18:19:39 - [MESSAGE][PASSED] - Viewport is set to new size with width = 1920 and height = 1080&#xD;
&#xD;
2019-10-09 18:19:39 - [TEST_STEP][PASSED] - click(findTestObject("StartPage/Page_Laravel/a_Login")): Object: 'Object Repository/StartPage/Page_Laravel/a_Login' is clicked on&#xD;
&#xD;
2019-10-09 18:19:40 - [MESSAGE][PASSED] - Object: 'Object Repository/StartPage/Page_Laravel/a_Login' is clicked on&#xD;
&#xD;
2019-10-09 18:19:40 - [TEST_STEP][PASSED] - setText(findTestObject("Object Repository/LoginPage/Page_Laravel/input_Welcome Back_login"), Username): Text 'Admin' is set on object 'Object Repository/LoginPage/Page_Laravel/input_Welcome Back_login'&#xD;
&#xD;
2019-10-09 18:19:40 - [MESSAGE][PASSED] - Text 'Admin' is set on object 'Object Repository/LoginPage/Page_Laravel/input_Welcome Back_login'&#xD;
&#xD;
2019-10-09 18:19:40 - [TEST_STEP][PASSED] - setText(findTestObject("Object Repository/LoginPage/Page_Laravel/input_Welcome Back_password"), Password): Text 'admin' is set on object 'Object Repository/LoginPage/Page_Laravel/input_Welcome Back_password'&#xD;
&#xD;
2019-10-09 18:19:40 - [MESSAGE][PASSED] - Text 'admin' is set on object 'Object Repository/LoginPage/Page_Laravel/input_Welcome Back_password'&#xD;
&#xD;
2019-10-09 18:19:40 - [TEST_STEP][PASSED] - check(findTestObject("LoginPage/Page_Laravel/label_Remember Me")): Object 'Object Repository/LoginPage/Page_Laravel/label_Remember Me' is checked&#xD;
&#xD;
2019-10-09 18:19:40 - [MESSAGE][PASSED] - Object 'Object Repository/LoginPage/Page_Laravel/label_Remember Me' is checked&#xD;
&#xD;
2019-10-09 18:19:40 - [TEST_STEP][PASSED] - uncheck(findTestObject("LoginPage/Page_Laravel/label_Remember Me")): Object 'Object Repository/LoginPage/Page_Laravel/label_Remember Me' is un-checked&#xD;
&#xD;
2019-10-09 18:19:40 - [MESSAGE][PASSED] - Object 'Object Repository/LoginPage/Page_Laravel/label_Remember Me' is un-checked&#xD;
&#xD;
2019-10-09 18:19:40 - [TEST_STEP][PASSED] - verifyElementNotChecked(findTestObject("LoginPage/Page_Laravel/label_Remember Me"), 1): Object 'Object Repository/LoginPage/Page_Laravel/label_Remember Me' is not checked&#xD;
&#xD;
2019-10-09 18:19:40 - [MESSAGE][PASSED] - Object 'Object Repository/LoginPage/Page_Laravel/label_Remember Me' is not checked&#xD;
&#xD;
2019-10-09 18:19:40 - [TEST_STEP][PASSED] - click(findTestObject("Object Repository/LoginPage/Page_Laravel/button_Login")): Object: 'Object Repository/LoginPage/Page_Laravel/button_Login' is clicked on&#xD;
&#xD;
2019-10-09 18:19:41 - [MESSAGE][PASSED] - Object: 'Object Repository/LoginPage/Page_Laravel/button_Login' is clicked on</system-out>
            <system-err></system-err>
        </testcase>
        <testcase name="Test Cases/LoginAdmin" classname="Test Cases/LoginAdmin" status="PASSED">
            <system-out>2019-10-09 18:19:41 - [TEST_CASE][PASSED] - Test Cases/LoginAdmin: Test Cases/LoginAdmin&#xD;
&#xD;
2019-10-09 18:19:41 - [TEST_STEP][PASSED] - openBrowser(URL): Browser is opened with url: 'http://hcc-asset-server.program-ace.net/'&#xD;
&#xD;
2019-10-09 18:19:41 - [MESSAGE][WARNING] - A browser is already opened. Closing browser and opening a new one&#xD;
&#xD;
2019-10-09 18:19:42 - [MESSAGE][INFO] - Starting 'Firefox' driver&#xD;
&#xD;
2019-10-09 18:19:46 - [MESSAGE][PASSED] - Browser is opened with url: 'http://hcc-asset-server.program-ace.net/'&#xD;
&#xD;
2019-10-09 18:19:46 - [TEST_STEP][PASSED] - setViewPortSize(1920, 1080): Viewport is set to new size with width = 1920 and height = 1080&#xD;
&#xD;
2019-10-09 18:19:46 - [MESSAGE][PASSED] - Viewport is set to new size with width = 1920 and height = 1080&#xD;
&#xD;
2019-10-09 18:19:46 - [TEST_STEP][PASSED] - click(findTestObject("StartPage/Page_Laravel/a_Login")): Object: 'Object Repository/StartPage/Page_Laravel/a_Login' is clicked on&#xD;
&#xD;
2019-10-09 18:19:46 - [MESSAGE][PASSED] - Object: 'Object Repository/StartPage/Page_Laravel/a_Login' is clicked on&#xD;
&#xD;
2019-10-09 18:19:46 - [TEST_STEP][PASSED] - setText(findTestObject("Object Repository/LoginPage/Page_Laravel/input_Welcome Back_login"), Username): Text 'Admin@admin.com' is set on object 'Object Repository/LoginPage/Page_Laravel/input_Welcome Back_login'&#xD;
&#xD;
2019-10-09 18:19:47 - [MESSAGE][PASSED] - Text 'Admin@admin.com' is set on object 'Object Repository/LoginPage/Page_Laravel/input_Welcome Back_login'&#xD;
&#xD;
2019-10-09 18:19:47 - [TEST_STEP][PASSED] - setText(findTestObject("Object Repository/LoginPage/Page_Laravel/input_Welcome Back_password"), Password): Text 'admin' is set on object 'Object Repository/LoginPage/Page_Laravel/input_Welcome Back_password'&#xD;
&#xD;
2019-10-09 18:19:47 - [MESSAGE][PASSED] - Text 'admin' is set on object 'Object Repository/LoginPage/Page_Laravel/input_Welcome Back_password'&#xD;
&#xD;
2019-10-09 18:19:47 - [TEST_STEP][PASSED] - check(findTestObject("LoginPage/Page_Laravel/label_Remember Me")): Object 'Object Repository/LoginPage/Page_Laravel/label_Remember Me' is checked&#xD;
&#xD;
2019-10-09 18:19:47 - [MESSAGE][PASSED] - Object 'Object Repository/LoginPage/Page_Laravel/label_Remember Me' is checked&#xD;
&#xD;
2019-10-09 18:19:47 - [TEST_STEP][PASSED] - uncheck(findTestObject("LoginPage/Page_Laravel/label_Remember Me")): Object 'Object Repository/LoginPage/Page_Laravel/label_Remember Me' is un-checked&#xD;
&#xD;
2019-10-09 18:19:47 - [MESSAGE][PASSED] - Object 'Object Repository/LoginPage/Page_Laravel/label_Remember Me' is un-checked&#xD;
&#xD;
2019-10-09 18:19:47 - [TEST_STEP][PASSED] - verifyElementNotChecked(findTestObject("LoginPage/Page_Laravel/label_Remember Me"), 1): Object 'Object Repository/LoginPage/Page_Laravel/label_Remember Me' is not checked&#xD;
&#xD;
2019-10-09 18:19:47 - [MESSAGE][PASSED] - Object 'Object Repository/LoginPage/Page_Laravel/label_Remember Me' is not checked&#xD;
&#xD;
2019-10-09 18:19:47 - [TEST_STEP][PASSED] - click(findTestObject("Object Repository/LoginPage/Page_Laravel/button_Login")): Object: 'Object Repository/LoginPage/Page_Laravel/button_Login' is clicked on&#xD;
&#xD;
2019-10-09 18:19:48 - [MESSAGE][PASSED] - Object: 'Object Repository/LoginPage/Page_Laravel/button_Login' is clicked on</system-out>
            <system-err></system-err>
        </testcase>
        <testcase name="Test Cases/Delete user" classname="Test Cases/Delete user" status="FAILED">
            <failure type="FAILED" message="Test Cases/Delete user FAILED.&#xA;Reason:&#xA;com.kms.katalon.core.exception.StepFailedException: Unable to click on object 'Object Repository/Create User/Page_Laravel/delete_User_button'&#xD;&#xA;&#x9;at com.kms.katalon.core.webui.keyword.internal.WebUIKeywordMain.stepFailed(WebUIKeywordMain.groovy:64)&#xD;&#xA;&#x9;at com.kms.katalon.core.webui.keyword.internal.WebUIKeywordMain.runKeyword(WebUIKeywordMain.groovy:26)&#xD;&#xA;&#x9;at com.kms.katalon.core.webui.keyword.builtin.ClickKeyword.click(ClickKeyword.groovy:86)&#xD;&#xA;&#x9;at com.kms.katalon.core.webui.keyword.builtin.ClickKeyword.execute(ClickKeyword.groovy:67)&#xD;&#xA;&#x9;at com.kms.katalon.core.keyword.internal.KeywordExecutor.executeKeywordForPlatform(KeywordExecutor.groovy:56)&#xD;&#xA;&#x9;at com.kms.katalon.core.webui.keyword.WebUiBuiltInKeywords.click(WebUiBuiltInKeywords.groovy:616)&#xD;&#xA;&#x9;at com.kms.katalon.core.webui.keyword.WebUiBuiltInKeywords$click$4.call(Unknown Source)&#xD;&#xA;&#x9;at Delete user.run(Delete user:22)&#xD;&#xA;&#x9;at com.kms.katalon.core.main.ScriptEngine.run(ScriptEngine.java:194)&#xD;&#xA;&#x9;at com.kms.katalon.core.main.ScriptEngine.runScriptAsRawText(ScriptEngine.java:119)&#xD;&#xA;&#x9;at com.kms.katalon.core.main.TestCaseExecutor.runScript(TestCaseExecutor.java:337)&#xD;&#xA;&#x9;at com.kms.katalon.core.main.TestCaseExecutor.doExecute(TestCaseExecutor.java:328)&#xD;&#xA;&#x9;at com.kms.katalon.core.main.TestCaseExecutor.processExecutionPhase(TestCaseExecutor.java:307)&#xD;&#xA;&#x9;at com.kms.katalon.core.main.TestCaseExecutor.accessMainPhase(TestCaseExecutor.java:299)&#xD;&#xA;&#x9;at com.kms.katalon.core.main.TestCaseExecutor.execute(TestCaseExecutor.java:233)&#xD;&#xA;&#x9;at com.kms.katalon.core.main.TestSuiteExecutor.accessTestCaseMainPhase(TestSuiteExecutor.java:169)&#xD;&#xA;&#x9;at com.kms.katalon.core.main.TestSuiteExecutor.accessTestSuiteMainPhase(TestSuiteExecutor.java:142)&#xD;&#xA;&#x9;at com.kms.katalon.core.main.TestSuiteExecutor.execute(TestSuiteExecutor.java:91)&#xD;&#xA;&#x9;at com.kms.katalon.core.main.TestCaseMain.startTestSuite(TestCaseMain.java:157)&#xD;&#xA;&#x9;at com.kms.katalon.core.main.TestCaseMain$startTestSuite$0.call(Unknown Source)&#xD;&#xA;&#x9;at TempTestSuite1570634314956.run(TempTestSuite1570634314956.groovy:35)&#xD;&#xA;Caused by: org.openqa.selenium.ElementNotInteractableException: Element &lt;button class=&quot;btn btn-success&quot; href=&quot;http://hcc-asset-server.program-ace.net/logout&quot; type=&quot;submit&quot;&gt; could not be scrolled into view&#xA;Build info: version: '3.141.59', revision: 'e82be7d358', time: '2018-11-14T08:25:53'&#xA;System info: host: 'DESKTOP-728KFTB', ip: '10.1.4.106', os.name: 'Windows 10', os.arch: 'amd64', os.version: '10.0', java.version: '1.8.0_181'&#xA;Driver info: com.kms.katalon.core.webui.driver.firefox.CGeckoDriver&#xA;Capabilities {acceptInsecureCerts: true, browserName: firefox, browserVersion: 69.0.1, javascriptEnabled: true, moz:accessibilityChecks: false, moz:buildID: 20190917135527, moz:geckodriverVersion: 0.23.0, moz:headless: false, moz:processID: 8416, moz:profile: C:\Users\vladi\AppData\Loca..., moz:shutdownTimeout: 60000, moz:useNonSpecCompliantPointerOrigin: false, moz:webdriverClick: true, pageLoadStrategy: normal, platform: WINDOWS, platformName: WINDOWS, platformVersion: 10.0, proxy: Proxy(direct), rotatable: false, setWindowRect: true, strictFileInteractability: false, timeouts: {implicit: 0, pageLoad: 300000, script: 30000}, unhandledPromptBehavior: dismiss and notify}&#xA;Session ID: 6d6b4588-fdd5-4ad7-ac81-535386948f7c&#xD;&#xA;&#x9;at org.openqa.selenium.remote.http.W3CHttpResponseCodec.createException(W3CHttpResponseCodec.java:187)&#xD;&#xA;&#x9;at org.openqa.selenium.remote.http.W3CHttpResponseCodec.decode(W3CHttpResponseCodec.java:122)&#xD;&#xA;&#x9;at org.openqa.selenium.remote.http.W3CHttpResponseCodec.decode(W3CHttpResponseCodec.java:49)&#xD;&#xA;&#x9;at org.openqa.selenium.remote.HttpCommandExecutor.execute(HttpCommandExecutor.java:158)&#xD;&#xA;&#x9;at org.openqa.selenium.remote.service.DriverCommandExecutor.execute(DriverCommandExecutor.java:83)&#xD;&#xA;&#x9;at org.openqa.selenium.remote.RemoteWebDriver.execute(RemoteWebDriver.java:552)&#xD;&#xA;&#x9;at com.kms.katalon.selenium.driver.CFirefoxDriver.execute(CFirefoxDriver.java:28)&#xD;&#xA;&#x9;at org.openqa.selenium.remote.RemoteWebElement.execute(RemoteWebElement.java:285)&#xD;&#xA;&#x9;at org.openqa.selenium.remote.RemoteWebElement.click(RemoteWebElement.java:84)&#xD;&#xA;&#x9;at com.kms.katalon.core.webui.keyword.builtin.ClickKeyword$_click_closure1.doCall(ClickKeyword.groovy:79)&#xD;&#xA;&#x9;at com.kms.katalon.core.webui.keyword.builtin.ClickKeyword$_click_closure1.call(ClickKeyword.groovy)&#xD;&#xA;&#x9;at com.kms.katalon.core.webui.keyword.internal.WebUIKeywordMain.runKeyword(WebUIKeywordMain.groovy:20)&#xD;&#xA;&#x9;... 19 more&#xD;&#xA;"/>
            <system-out>2019-10-09 18:19:48 - [TEST_CASE][FAILED] - Test Cases/Delete user: Test Cases/Delete user FAILED.
Reason:
com.kms.katalon.core.exception.StepFailedException: Unable to click on object 'Object Repository/Create User/Page_Laravel/delete_User_button'&#xD;
	at com.kms.katalon.core.webui.keyword.internal.WebUIKeywordMain.stepFailed(WebUIKeywordMain.groovy:64)&#xD;
	at com.kms.katalon.core.webui.keyword.internal.WebUIKeywordMain.runKeyword(WebUIKeywordMain.groovy:26)&#xD;
	at com.kms.katalon.core.webui.keyword.builtin.ClickKeyword.click(ClickKeyword.groovy:86)&#xD;
	at com.kms.katalon.core.webui.keyword.builtin.ClickKeyword.execute(ClickKeyword.groovy:67)&#xD;
	at com.kms.katalon.core.keyword.internal.KeywordExecutor.executeKeywordForPlatform(KeywordExecutor.groovy:56)&#xD;
	at com.kms.katalon.core.webui.keyword.WebUiBuiltInKeywords.click(WebUiBuiltInKeywords.groovy:616)&#xD;
	at com.kms.katalon.core.webui.keyword.WebUiBuiltInKeywords$click$4.call(Unknown Source)&#xD;
	at Delete user.run(Delete user:22)&#xD;
	at com.kms.katalon.core.main.ScriptEngine.run(ScriptEngine.java:194)&#xD;
	at com.kms.katalon.core.main.ScriptEngine.runScriptAsRawText(ScriptEngine.java:119)&#xD;
	at com.kms.katalon.core.main.TestCaseExecutor.runScript(TestCaseExecutor.java:337)&#xD;
	at com.kms.katalon.core.main.TestCaseExecutor.doExecute(TestCaseExecutor.java:328)&#xD;
	at com.kms.katalon.core.main.TestCaseExecutor.processExecutionPhase(TestCaseExecutor.java:307)&#xD;
	at com.kms.katalon.core.main.TestCaseExecutor.accessMainPhase(TestCaseExecutor.java:299)&#xD;
	at com.kms.katalon.core.main.TestCaseExecutor.execute(TestCaseExecutor.java:233)&#xD;
	at com.kms.katalon.core.main.TestSuiteExecutor.accessTestCaseMainPhase(TestSuiteExecutor.java:169)&#xD;
	at com.kms.katalon.core.main.TestSuiteExecutor.accessTestSuiteMainPhase(TestSuiteExecutor.java:142)&#xD;
	at com.kms.katalon.core.main.TestSuiteExecutor.execute(TestSuiteExecutor.java:91)&#xD;
	at com.kms.katalon.core.main.TestCaseMain.startTestSuite(TestCaseMain.java:157)&#xD;
	at com.kms.katalon.core.main.TestCaseMain$startTestSuite$0.call(Unknown Source)&#xD;
	at TempTestSuite1570634314956.run(TempTestSuite1570634314956.groovy:35)&#xD;
Caused by: org.openqa.selenium.ElementNotInteractableException: Element &lt;button class="btn btn-success" href="http://hcc-asset-server.program-ace.net/logout" type="submit"&gt; could not be scrolled into view
Build info: version: '3.141.59', revision: 'e82be7d358', time: '2018-11-14T08:25:53'
System info: host: 'DESKTOP-728KFTB', ip: '10.1.4.106', os.name: 'Windows 10', os.arch: 'amd64', os.version: '10.0', java.version: '1.8.0_181'
Driver info: com.kms.katalon.core.webui.driver.firefox.CGeckoDriver
Capabilities {acceptInsecureCerts: true, browserName: firefox, browserVersion: 69.0.1, javascriptEnabled: true, moz:accessibilityChecks: false, moz:buildID: 20190917135527, moz:geckodriverVersion: 0.23.0, moz:headless: false, moz:processID: 8416, moz:profile: C:\Users\vladi\AppData\Loca..., moz:shutdownTimeout: 60000, moz:useNonSpecCompliantPointerOrigin: false, moz:webdriverClick: true, pageLoadStrategy: normal, platform: WINDOWS, platformName: WINDOWS, platformVersion: 10.0, proxy: Proxy(direct), rotatable: false, setWindowRect: true, strictFileInteractability: false, timeouts: {implicit: 0, pageLoad: 300000, script: 30000}, unhandledPromptBehavior: dismiss and notify}
Session ID: 6d6b4588-fdd5-4ad7-ac81-535386948f7c&#xD;
	at org.openqa.selenium.remote.http.W3CHttpResponseCodec.createException(W3CHttpResponseCodec.java:187)&#xD;
	at org.openqa.selenium.remote.http.W3CHttpResponseCodec.decode(W3CHttpResponseCodec.java:122)&#xD;
	at org.openqa.selenium.remote.http.W3CHttpResponseCodec.decode(W3CHttpResponseCodec.java:49)&#xD;
	at org.openqa.selenium.remote.HttpCommandExecutor.execute(HttpCommandExecutor.java:158)&#xD;
	at org.openqa.selenium.remote.service.DriverCommandExecutor.execute(DriverCommandExecutor.java:83)&#xD;
	at org.openqa.selenium.remote.RemoteWebDriver.execute(RemoteWebDriver.java:552)&#xD;
	at com.kms.katalon.selenium.driver.CFirefoxDriver.execute(CFirefoxDriver.java:28)&#xD;
	at org.openqa.selenium.remote.RemoteWebElement.execute(RemoteWebElement.java:285)&#xD;
	at org.openqa.selenium.remote.RemoteWebElement.click(RemoteWebElement.java:84)&#xD;
	at com.kms.katalon.core.webui.keyword.builtin.ClickKeyword$_click_closure1.doCall(ClickKeyword.groovy:79)&#xD;
	at com.kms.katalon.core.webui.keyword.builtin.ClickKeyword$_click_closure1.call(ClickKeyword.groovy)&#xD;
	at com.kms.katalon.core.webui.keyword.internal.WebUIKeywordMain.runKeyword(WebUIKeywordMain.groovy:20)&#xD;
	... 19 more&#xD;
&#xD;
&#xD;
2019-10-09 18:19:48 - [TEST_STEP][PASSED] - callTestCase(findTestCase("LoginAdmin"), [:], STOP_ON_FAILURE): Call Test Case 'Test Cases/LoginAdmin' successfully&#xD;
&#xD;
2019-10-09 18:19:48 - [TEST_CASE][PASSED] - Test Cases/LoginAdmin: Test Cases/LoginAdmin&#xD;
&#xD;
2019-10-09 18:19:49 - [TEST_STEP][PASSED] - openBrowser(URL): Browser is opened with url: 'http://hcc-asset-server.program-ace.net/'&#xD;
&#xD;
2019-10-09 18:19:49 - [MESSAGE][WARNING] - A browser is already opened. Closing browser and opening a new one&#xD;
&#xD;
2019-10-09 18:19:50 - [MESSAGE][INFO] - Starting 'Firefox' driver&#xD;
&#xD;
2019-10-09 18:19:53 - [MESSAGE][PASSED] - Browser is opened with url: 'http://hcc-asset-server.program-ace.net/'&#xD;
&#xD;
2019-10-09 18:19:53 - [TEST_STEP][PASSED] - setViewPortSize(1920, 1080): Viewport is set to new size with width = 1920 and height = 1080&#xD;
&#xD;
2019-10-09 18:19:53 - [MESSAGE][PASSED] - Viewport is set to new size with width = 1920 and height = 1080&#xD;
&#xD;
2019-10-09 18:19:53 - [TEST_STEP][PASSED] - click(findTestObject("StartPage/Page_Laravel/a_Login")): Object: 'Object Repository/StartPage/Page_Laravel/a_Login' is clicked on&#xD;
&#xD;
2019-10-09 18:19:54 - [MESSAGE][PASSED] - Object: 'Object Repository/StartPage/Page_Laravel/a_Login' is clicked on&#xD;
&#xD;
2019-10-09 18:19:54 - [TEST_STEP][PASSED] - setText(findTestObject("Object Repository/LoginPage/Page_Laravel/input_Welcome Back_login"), Username): Text 'Admin' is set on object 'Object Repository/LoginPage/Page_Laravel/input_Welcome Back_login'&#xD;
&#xD;
2019-10-09 18:19:54 - [MESSAGE][PASSED] - Text 'Admin' is set on object 'Object Repository/LoginPage/Page_Laravel/input_Welcome Back_login'&#xD;
&#xD;
2019-10-09 18:19:54 - [TEST_STEP][PASSED] - setText(findTestObject("Object Repository/LoginPage/Page_Laravel/input_Welcome Back_password"), Password): Text 'admin' is set on object 'Object Repository/LoginPage/Page_Laravel/input_Welcome Back_password'&#xD;
&#xD;
2019-10-09 18:19:54 - [MESSAGE][PASSED] - Text 'admin' is set on object 'Object Repository/LoginPage/Page_Laravel/input_Welcome Back_password'&#xD;
&#xD;
2019-10-09 18:19:54 - [TEST_STEP][PASSED] - check(findTestObject("LoginPage/Page_Laravel/label_Remember Me")): Object 'Object Repository/LoginPage/Page_Laravel/label_Remember Me' is checked&#xD;
&#xD;
2019-10-09 18:19:54 - [MESSAGE][PASSED] - Object 'Object Repository/LoginPage/Page_Laravel/label_Remember Me' is checked&#xD;
&#xD;
2019-10-09 18:19:54 - [TEST_STEP][PASSED] - uncheck(findTestObject("LoginPage/Page_Laravel/label_Remember Me")): Object 'Object Repository/LoginPage/Page_Laravel/label_Remember Me' is un-checked&#xD;
&#xD;
2019-10-09 18:19:54 - [MESSAGE][PASSED] - Object 'Object Repository/LoginPage/Page_Laravel/label_Remember Me' is un-checked&#xD;
&#xD;
2019-10-09 18:19:54 - [TEST_STEP][PASSED] - verifyElementNotChecked(findTestObject("LoginPage/Page_Laravel/label_Remember Me"), 1): Object 'Object Repository/LoginPage/Page_Laravel/label_Remember Me' is not checked&#xD;
&#xD;
2019-10-09 18:19:55 - [MESSAGE][PASSED] - Object 'Object Repository/LoginPage/Page_Laravel/label_Remember Me' is not checked&#xD;
&#xD;
2019-10-09 18:19:55 - [TEST_STEP][PASSED] - click(findTestObject("Object Repository/LoginPage/Page_Laravel/button_Login")): Object: 'Object Repository/LoginPage/Page_Laravel/button_Login' is clicked on&#xD;
&#xD;
2019-10-09 18:19:55 - [MESSAGE][PASSED] - Object: 'Object Repository/LoginPage/Page_Laravel/button_Login' is clicked on&#xD;
&#xD;
2019-10-09 18:19:55 - [MESSAGE][PASSED] - Call Test Case 'Test Cases/LoginAdmin' successfully&#xD;
&#xD;
2019-10-09 18:19:55 - [TEST_STEP][PASSED] - click(findTestObject("Object Repository/Create User/Page_Laravel/a_Users"), CONTINUE_ON_FAILURE): Object: 'Object Repository/Create User/Page_Laravel/a_Users' is clicked on&#xD;
&#xD;
2019-10-09 18:19:56 - [MESSAGE][PASSED] - Object: 'Object Repository/Create User/Page_Laravel/a_Users' is clicked on&#xD;
&#xD;
2019-10-09 18:19:56 - [TEST_STEP][PASSED] - while (verifyElementPresent(findTestObject("Object Repository/Create User/Page_Laravel/delete_User_button"), 1) == true): Unable to click on object 'Object Repository/Create User/Page_Laravel/delete_User_button' (Root cause: com.kms.katalon.core.exception.StepFailedException: Unable to click on object 'Object Repository/Create User/Page_Laravel/delete_User_button'&#xD;
	at com.kms.katalon.core.webui.keyword.internal.WebUIKeywordMain.stepFailed(WebUIKeywordMain.groovy:64)&#xD;
	at com.kms.katalon.core.webui.keyword.internal.WebUIKeywordMain.runKeyword(WebUIKeywordMain.groovy:26)&#xD;
	at com.kms.katalon.core.webui.keyword.builtin.ClickKeyword.click(ClickKeyword.groovy:86)&#xD;
	at com.kms.katalon.core.webui.keyword.builtin.ClickKeyword.execute(ClickKeyword.groovy:67)&#xD;
	at com.kms.katalon.core.keyword.internal.KeywordExecutor.executeKeywordForPlatform(KeywordExecutor.groovy:56)&#xD;
	at com.kms.katalon.core.webui.keyword.WebUiBuiltInKeywords.click(WebUiBuiltInKeywords.groovy:616)&#xD;
	at com.kms.katalon.core.webui.keyword.WebUiBuiltInKeywords$click$4.call(Unknown Source)&#xD;
	at Delete user.run(Delete user:22)&#xD;
	at com.kms.katalon.core.main.ScriptEngine.run(ScriptEngine.java:194)&#xD;
	at com.kms.katalon.core.main.ScriptEngine.runScriptAsRawText(ScriptEngine.java:119)&#xD;
	at com.kms.katalon.core.main.TestCaseExecutor.runScript(TestCaseExecutor.java:337)&#xD;
	at com.kms.katalon.core.main.TestCaseExecutor.doExecute(TestCaseExecutor.java:328)&#xD;
	at com.kms.katalon.core.main.TestCaseExecutor.processExecutionPhase(TestCaseExecutor.java:307)&#xD;
	at com.kms.katalon.core.main.TestCaseExecutor.accessMainPhase(TestCaseExecutor.java:299)&#xD;
	at com.kms.katalon.core.main.TestCaseExecutor.execute(TestCaseExecutor.java:233)&#xD;
	at com.kms.katalon.core.main.TestSuiteExecutor.accessTestCaseMainPhase(TestSuiteExecutor.java:169)&#xD;
	at com.kms.katalon.core.main.TestSuiteExecutor.accessTestSuiteMainPhase(TestSuiteExecutor.java:142)&#xD;
	at com.kms.katalon.core.main.TestSuiteExecutor.execute(TestSuiteExecutor.java:91)&#xD;
	at com.kms.katalon.core.main.TestCaseMain.startTestSuite(TestCaseMain.java:157)&#xD;
	at com.kms.katalon.core.main.TestCaseMain$startTestSuite$0.call(Unknown Source)&#xD;
	at TempTestSuite1570634314956.run(TempTestSuite1570634314956.groovy:35)&#xD;
Caused by: org.openqa.selenium.ElementNotInteractableException: Element &lt;button class="btn btn-success" href="http://hcc-asset-server.program-ace.net/logout" type="submit"&gt; could not be scrolled into view
Build info: version: '3.141.59', revision: 'e82be7d358', time: '2018-11-14T08:25:53'
System info: host: 'DESKTOP-728KFTB', ip: '10.1.4.106', os.name: 'Windows 10', os.arch: 'amd64', os.version: '10.0', java.version: '1.8.0_181'
Driver info: com.kms.katalon.core.webui.driver.firefox.CGeckoDriver
Capabilities {acceptInsecureCerts: true, browserName: firefox, browserVersion: 69.0.1, javascriptEnabled: true, moz:accessibilityChecks: false, moz:buildID: 20190917135527, moz:geckodriverVersion: 0.23.0, moz:headless: false, moz:processID: 8416, moz:profile: C:\Users\vladi\AppData\Loca..., moz:shutdownTimeout: 60000, moz:useNonSpecCompliantPointerOrigin: false, moz:webdriverClick: true, pageLoadStrategy: normal, platform: WINDOWS, platformName: WINDOWS, platformVersion: 10.0, proxy: Proxy(direct), rotatable: false, setWindowRect: true, strictFileInteractability: false, timeouts: {implicit: 0, pageLoad: 300000, script: 30000}, unhandledPromptBehavior: dismiss and notify}
Session ID: 6d6b4588-fdd5-4ad7-ac81-535386948f7c&#xD;
	at org.openqa.selenium.remote.http.W3CHttpResponseCodec.createException(W3CHttpResponseCodec.java:187)&#xD;
	at org.openqa.selenium.remote.http.W3CHttpResponseCodec.decode(W3CHttpResponseCodec.java:122)&#xD;
	at org.openqa.selenium.remote.http.W3CHttpResponseCodec.decode(W3CHttpResponseCodec.java:49)&#xD;
	at org.openqa.selenium.remote.HttpCommandExecutor.execute(HttpCommandExecutor.java:158)&#xD;
	at org.openqa.selenium.remote.service.DriverCommandExecutor.execute(DriverCommandExecutor.java:83)&#xD;
	at org.openqa.selenium.remote.RemoteWebDriver.execute(RemoteWebDriver.java:552)&#xD;
	at com.kms.katalon.selenium.driver.CFirefoxDriver.execute(CFirefoxDriver.java:28)&#xD;
	at org.openqa.selenium.remote.RemoteWebElement.execute(RemoteWebElement.java:285)&#xD;
	at org.openqa.selenium.remote.RemoteWebElement.click(RemoteWebElement.java:84)&#xD;
	at com.kms.katalon.core.webui.keyword.builtin.ClickKeyword$_click_closure1.doCall(ClickKeyword.groovy:79)&#xD;
	at com.kms.katalon.core.webui.keyword.builtin.ClickKeyword$_click_closure1.call(ClickKeyword.groovy)&#xD;
	at com.kms.katalon.core.webui.keyword.internal.WebUIKeywordMain.runKeyword(WebUIKeywordMain.groovy:20)&#xD;
	at com.kms.katalon.core.webui.keyword.builtin.ClickKeyword.click(ClickKeyword.groovy:86)&#xD;
	at com.kms.katalon.core.webui.keyword.builtin.ClickKeyword.execute(ClickKeyword.groovy:67)&#xD;
	at com.kms.katalon.core.keyword.internal.KeywordExecutor.executeKeywordForPlatform(KeywordExecutor.groovy:56)&#xD;
	at com.kms.katalon.core.webui.keyword.WebUiBuiltInKeywords.click(WebUiBuiltInKeywords.groovy:616)&#xD;
	at com.kms.katalon.core.webui.keyword.WebUiBuiltInKeywords$click$4.call(Unknown Source)&#xD;
	at Script1570093328374.run(Script1570093328374.groovy:22)&#xD;
	... 13 more&#xD;
)&#xD;
&#xD;
2019-10-09 18:19:56 - [MESSAGE][PASSED] - Object 'Object Repository/Create User/Page_Laravel/delete_User_button' is present&#xD;
&#xD;
2019-10-09 18:19:56 - [TEST_STEP][FAILED] - click(findTestObject("Object Repository/Create User/Page_Laravel/delete_User_button")): Unable to click on object 'Object Repository/Create User/Page_Laravel/delete_User_button' (Root cause: com.kms.katalon.core.exception.StepFailedException: Unable to click on object 'Object Repository/Create User/Page_Laravel/delete_User_button'&#xD;
	at com.kms.katalon.core.webui.keyword.internal.WebUIKeywordMain.stepFailed(WebUIKeywordMain.groovy:64)&#xD;
	at com.kms.katalon.core.webui.keyword.internal.WebUIKeywordMain.runKeyword(WebUIKeywordMain.groovy:26)&#xD;
	at com.kms.katalon.core.webui.keyword.builtin.ClickKeyword.click(ClickKeyword.groovy:86)&#xD;
	at com.kms.katalon.core.webui.keyword.builtin.ClickKeyword.execute(ClickKeyword.groovy:67)&#xD;
	at com.kms.katalon.core.keyword.internal.KeywordExecutor.executeKeywordForPlatform(KeywordExecutor.groovy:56)&#xD;
	at com.kms.katalon.core.webui.keyword.WebUiBuiltInKeywords.click(WebUiBuiltInKeywords.groovy:616)&#xD;
	at com.kms.katalon.core.webui.keyword.WebUiBuiltInKeywords$click$4.call(Unknown Source)&#xD;
	at Delete user.run(Delete user:22)&#xD;
	at com.kms.katalon.core.main.ScriptEngine.run(ScriptEngine.java:194)&#xD;
	at com.kms.katalon.core.main.ScriptEngine.runScriptAsRawText(ScriptEngine.java:119)&#xD;
	at com.kms.katalon.core.main.TestCaseExecutor.runScript(TestCaseExecutor.java:337)&#xD;
	at com.kms.katalon.core.main.TestCaseExecutor.doExecute(TestCaseExecutor.java:328)&#xD;
	at com.kms.katalon.core.main.TestCaseExecutor.processExecutionPhase(TestCaseExecutor.java:307)&#xD;
	at com.kms.katalon.core.main.TestCaseExecutor.accessMainPhase(TestCaseExecutor.java:299)&#xD;
	at com.kms.katalon.core.main.TestCaseExecutor.execute(TestCaseExecutor.java:233)&#xD;
	at com.kms.katalon.core.main.TestSuiteExecutor.accessTestCaseMainPhase(TestSuiteExecutor.java:169)&#xD;
	at com.kms.katalon.core.main.TestSuiteExecutor.accessTestSuiteMainPhase(TestSuiteExecutor.java:142)&#xD;
	at com.kms.katalon.core.main.TestSuiteExecutor.execute(TestSuiteExecutor.java:91)&#xD;
	at com.kms.katalon.core.main.TestCaseMain.startTestSuite(TestCaseMain.java:157)&#xD;
	at com.kms.katalon.core.main.TestCaseMain$startTestSuite$0.call(Unknown Source)&#xD;
	at TempTestSuite1570634314956.run(TempTestSuite1570634314956.groovy:35)&#xD;
Caused by: org.openqa.selenium.ElementNotInteractableException: Element &lt;button class="btn btn-success" href="http://hcc-asset-server.program-ace.net/logout" type="submit"&gt; could not be scrolled into view
Build info: version: '3.141.59', revision: 'e82be7d358', time: '2018-11-14T08:25:53'
System info: host: 'DESKTOP-728KFTB', ip: '10.1.4.106', os.name: 'Windows 10', os.arch: 'amd64', os.version: '10.0', java.version: '1.8.0_181'
Driver info: com.kms.katalon.core.webui.driver.firefox.CGeckoDriver
Capabilities {acceptInsecureCerts: true, browserName: firefox, browserVersion: 69.0.1, javascriptEnabled: true, moz:accessibilityChecks: false, moz:buildID: 20190917135527, moz:geckodriverVersion: 0.23.0, moz:headless: false, moz:processID: 8416, moz:profile: C:\Users\vladi\AppData\Loca..., moz:shutdownTimeout: 60000, moz:useNonSpecCompliantPointerOrigin: false, moz:webdriverClick: true, pageLoadStrategy: normal, platform: WINDOWS, platformName: WINDOWS, platformVersion: 10.0, proxy: Proxy(direct), rotatable: false, setWindowRect: true, strictFileInteractability: false, timeouts: {implicit: 0, pageLoad: 300000, script: 30000}, unhandledPromptBehavior: dismiss and notify}
Session ID: 6d6b4588-fdd5-4ad7-ac81-535386948f7c&#xD;
	at org.openqa.selenium.remote.http.W3CHttpResponseCodec.createException(W3CHttpResponseCodec.java:187)&#xD;
	at org.openqa.selenium.remote.http.W3CHttpResponseCodec.decode(W3CHttpResponseCodec.java:122)&#xD;
	at org.openqa.selenium.remote.http.W3CHttpResponseCodec.decode(W3CHttpResponseCodec.java:49)&#xD;
	at org.openqa.selenium.remote.HttpCommandExecutor.execute(HttpCommandExecutor.java:158)&#xD;
	at org.openqa.selenium.remote.service.DriverCommandExecutor.execute(DriverCommandExecutor.java:83)&#xD;
	at org.openqa.selenium.remote.RemoteWebDriver.execute(RemoteWebDriver.java:552)&#xD;
	at com.kms.katalon.selenium.driver.CFirefoxDriver.execute(CFirefoxDriver.java:28)&#xD;
	at org.openqa.selenium.remote.RemoteWebElement.execute(RemoteWebElement.java:285)&#xD;
	at org.openqa.selenium.remote.RemoteWebElement.click(RemoteWebElement.java:84)&#xD;
	at com.kms.katalon.core.webui.keyword.builtin.ClickKeyword$_click_closure1.doCall(ClickKeyword.groovy:79)&#xD;
	at com.kms.katalon.core.webui.keyword.builtin.ClickKeyword$_click_closure1.call(ClickKeyword.groovy)&#xD;
	at com.kms.katalon.core.webui.keyword.internal.WebUIKeywordMain.runKeyword(WebUIKeywordMain.groovy:20)&#xD;
	at com.kms.katalon.core.webui.keyword.builtin.ClickKeyword.click(ClickKeyword.groovy:86)&#xD;
	at com.kms.katalon.core.webui.keyword.builtin.ClickKeyword.execute(ClickKeyword.groovy:67)&#xD;
	at com.kms.katalon.core.keyword.internal.KeywordExecutor.executeKeywordForPlatform(KeywordExecutor.groovy:56)&#xD;
	at com.kms.katalon.core.webui.keyword.WebUiBuiltInKeywords.click(WebUiBuiltInKeywords.groovy:616)&#xD;
	at com.kms.katalon.core.webui.keyword.WebUiBuiltInKeywords$click$4.call(Unknown Source)&#xD;
	at Script1570093328374.run(Script1570093328374.groovy:22)&#xD;
	... 13 more&#xD;
)&#xD;
&#xD;
2019-10-09 18:19:56 - [MESSAGE][FAILED] - Unable to click on object 'Object Repository/Create User/Page_Laravel/delete_User_button' (Root cause: com.kms.katalon.core.exception.StepFailedException: Unable to click on object 'Object Repository/Create User/Page_Laravel/delete_User_button'&#xD;
	at com.kms.katalon.core.webui.keyword.internal.WebUIKeywordMain.stepFailed(WebUIKeywordMain.groovy:64)&#xD;
	at com.kms.katalon.core.webui.keyword.internal.WebUIKeywordMain.runKeyword(WebUIKeywordMain.groovy:26)&#xD;
	at com.kms.katalon.core.webui.keyword.builtin.ClickKeyword.click(ClickKeyword.groovy:86)&#xD;
	at com.kms.katalon.core.webui.keyword.builtin.ClickKeyword.execute(ClickKeyword.groovy:67)&#xD;
	at com.kms.katalon.core.keyword.internal.KeywordExecutor.executeKeywordForPlatform(KeywordExecutor.groovy:56)&#xD;
	at com.kms.katalon.core.webui.keyword.WebUiBuiltInKeywords.click(WebUiBuiltInKeywords.groovy:616)&#xD;
	at com.kms.katalon.core.webui.keyword.WebUiBuiltInKeywords$click$4.call(Unknown Source)&#xD;
	at Delete user.run(Delete user:22)&#xD;
	at com.kms.katalon.core.main.ScriptEngine.run(ScriptEngine.java:194)&#xD;
	at com.kms.katalon.core.main.ScriptEngine.runScriptAsRawText(ScriptEngine.java:119)&#xD;
	at com.kms.katalon.core.main.TestCaseExecutor.runScript(TestCaseExecutor.java:337)&#xD;
	at com.kms.katalon.core.main.TestCaseExecutor.doExecute(TestCaseExecutor.java:328)&#xD;
	at com.kms.katalon.core.main.TestCaseExecutor.processExecutionPhase(TestCaseExecutor.java:307)&#xD;
	at com.kms.katalon.core.main.TestCaseExecutor.accessMainPhase(TestCaseExecutor.java:299)&#xD;
	at com.kms.katalon.core.main.TestCaseExecutor.execute(TestCaseExecutor.java:233)&#xD;
	at com.kms.katalon.core.main.TestSuiteExecutor.accessTestCaseMainPhase(TestSuiteExecutor.java:169)&#xD;
	at com.kms.katalon.core.main.TestSuiteExecutor.accessTestSuiteMainPhase(TestSuiteExecutor.java:142)&#xD;
	at com.kms.katalon.core.main.TestSuiteExecutor.execute(TestSuiteExecutor.java:91)&#xD;
	at com.kms.katalon.core.main.TestCaseMain.startTestSuite(TestCaseMain.java:157)&#xD;
	at com.kms.katalon.core.main.TestCaseMain$startTestSuite$0.call(Unknown Source)&#xD;
	at TempTestSuite1570634314956.run(TempTestSuite1570634314956.groovy:35)&#xD;
Caused by: org.openqa.selenium.ElementNotInteractableException: Element &lt;button class="btn btn-success" href="http://hcc-asset-server.program-ace.net/logout" type="submit"&gt; could not be scrolled into view
Build info: version: '3.141.59', revision: 'e82be7d358', time: '2018-11-14T08:25:53'
System info: host: 'DESKTOP-728KFTB', ip: '10.1.4.106', os.name: 'Windows 10', os.arch: 'amd64', os.version: '10.0', java.version: '1.8.0_181'
Driver info: com.kms.katalon.core.webui.driver.firefox.CGeckoDriver
Capabilities {acceptInsecureCerts: true, browserName: firefox, browserVersion: 69.0.1, javascriptEnabled: true, moz:accessibilityChecks: false, moz:buildID: 20190917135527, moz:geckodriverVersion: 0.23.0, moz:headless: false, moz:processID: 8416, moz:profile: C:\Users\vladi\AppData\Loca..., moz:shutdownTimeout: 60000, moz:useNonSpecCompliantPointerOrigin: false, moz:webdriverClick: true, pageLoadStrategy: normal, platform: WINDOWS, platformName: WINDOWS, platformVersion: 10.0, proxy: Proxy(direct), rotatable: false, setWindowRect: true, strictFileInteractability: false, timeouts: {implicit: 0, pageLoad: 300000, script: 30000}, unhandledPromptBehavior: dismiss and notify}
Session ID: 6d6b4588-fdd5-4ad7-ac81-535386948f7c&#xD;
	at org.openqa.selenium.remote.http.W3CHttpResponseCodec.createException(W3CHttpResponseCodec.java:187)&#xD;
	at org.openqa.selenium.remote.http.W3CHttpResponseCodec.decode(W3CHttpResponseCodec.java:122)&#xD;
	at org.openqa.selenium.remote.http.W3CHttpResponseCodec.decode(W3CHttpResponseCodec.java:49)&#xD;
	at org.openqa.selenium.remote.HttpCommandExecutor.execute(HttpCommandExecutor.java:158)&#xD;
	at org.openqa.selenium.remote.service.DriverCommandExecutor.execute(DriverCommandExecutor.java:83)&#xD;
	at org.openqa.selenium.remote.RemoteWebDriver.execute(RemoteWebDriver.java:552)&#xD;
	at com.kms.katalon.selenium.driver.CFirefoxDriver.execute(CFirefoxDriver.java:28)&#xD;
	at org.openqa.selenium.remote.RemoteWebElement.execute(RemoteWebElement.java:285)&#xD;
	at org.openqa.selenium.remote.RemoteWebElement.click(RemoteWebElement.java:84)&#xD;
	at com.kms.katalon.core.webui.keyword.builtin.ClickKeyword$_click_closure1.doCall(ClickKeyword.groovy:79)&#xD;
	at com.kms.katalon.core.webui.keyword.builtin.ClickKeyword$_click_closure1.call(ClickKeyword.groovy)&#xD;
	at com.kms.katalon.core.webui.keyword.internal.WebUIKeywordMain.runKeyword(WebUIKeywordMain.groovy:20)&#xD;
	at com.kms.katalon.core.webui.keyword.builtin.ClickKeyword.click(ClickKeyword.groovy:86)&#xD;
	at com.kms.katalon.core.webui.keyword.builtin.ClickKeyword.execute(ClickKeyword.groovy:67)&#xD;
	at com.kms.katalon.core.keyword.internal.KeywordExecutor.executeKeywordForPlatform(KeywordExecutor.groovy:56)&#xD;
	at com.kms.katalon.core.webui.keyword.WebUiBuiltInKeywords.click(WebUiBuiltInKeywords.groovy:616)&#xD;
	at com.kms.katalon.core.webui.keyword.WebUiBuiltInKeywords$click$4.call(Unknown Source)&#xD;
	at Script1570093328374.run(Script1570093328374.groovy:22)&#xD;
	... 13 more&#xD;
)&#xD;
[[ATTACHMENT|C:\\Users\\vladi\\git\\KatalonGitTest\\Reports\\20191009_181833\\Admin\\20191009_181834\\1570634396395.png]]</system-out>
            <system-err>2019-10-09 18:19:48 - [TEST_CASE][FAILED] - Test Cases/Delete user: Test Cases/Delete user FAILED.
Reason:
com.kms.katalon.core.exception.StepFailedException: Unable to click on object 'Object Repository/Create User/Page_Laravel/delete_User_button'&#xD;
	at com.kms.katalon.core.webui.keyword.internal.WebUIKeywordMain.stepFailed(WebUIKeywordMain.groovy:64)&#xD;
	at com.kms.katalon.core.webui.keyword.internal.WebUIKeywordMain.runKeyword(WebUIKeywordMain.groovy:26)&#xD;
	at com.kms.katalon.core.webui.keyword.builtin.ClickKeyword.click(ClickKeyword.groovy:86)&#xD;
	at com.kms.katalon.core.webui.keyword.builtin.ClickKeyword.execute(ClickKeyword.groovy:67)&#xD;
	at com.kms.katalon.core.keyword.internal.KeywordExecutor.executeKeywordForPlatform(KeywordExecutor.groovy:56)&#xD;
	at com.kms.katalon.core.webui.keyword.WebUiBuiltInKeywords.click(WebUiBuiltInKeywords.groovy:616)&#xD;
	at com.kms.katalon.core.webui.keyword.WebUiBuiltInKeywords$click$4.call(Unknown Source)&#xD;
	at Delete user.run(Delete user:22)&#xD;
	at com.kms.katalon.core.main.ScriptEngine.run(ScriptEngine.java:194)&#xD;
	at com.kms.katalon.core.main.ScriptEngine.runScriptAsRawText(ScriptEngine.java:119)&#xD;
	at com.kms.katalon.core.main.TestCaseExecutor.runScript(TestCaseExecutor.java:337)&#xD;
	at com.kms.katalon.core.main.TestCaseExecutor.doExecute(TestCaseExecutor.java:328)&#xD;
	at com.kms.katalon.core.main.TestCaseExecutor.processExecutionPhase(TestCaseExecutor.java:307)&#xD;
	at com.kms.katalon.core.main.TestCaseExecutor.accessMainPhase(TestCaseExecutor.java:299)&#xD;
	at com.kms.katalon.core.main.TestCaseExecutor.execute(TestCaseExecutor.java:233)&#xD;
	at com.kms.katalon.core.main.TestSuiteExecutor.accessTestCaseMainPhase(TestSuiteExecutor.java:169)&#xD;
	at com.kms.katalon.core.main.TestSuiteExecutor.accessTestSuiteMainPhase(TestSuiteExecutor.java:142)&#xD;
	at com.kms.katalon.core.main.TestSuiteExecutor.execute(TestSuiteExecutor.java:91)&#xD;
	at com.kms.katalon.core.main.TestCaseMain.startTestSuite(TestCaseMain.java:157)&#xD;
	at com.kms.katalon.core.main.TestCaseMain$startTestSuite$0.call(Unknown Source)&#xD;
	at TempTestSuite1570634314956.run(TempTestSuite1570634314956.groovy:35)&#xD;
Caused by: org.openqa.selenium.ElementNotInteractableException: Element &lt;button class="btn btn-success" href="http://hcc-asset-server.program-ace.net/logout" type="submit"&gt; could not be scrolled into view
Build info: version: '3.141.59', revision: 'e82be7d358', time: '2018-11-14T08:25:53'
System info: host: 'DESKTOP-728KFTB', ip: '10.1.4.106', os.name: 'Windows 10', os.arch: 'amd64', os.version: '10.0', java.version: '1.8.0_181'
Driver info: com.kms.katalon.core.webui.driver.firefox.CGeckoDriver
Capabilities {acceptInsecureCerts: true, browserName: firefox, browserVersion: 69.0.1, javascriptEnabled: true, moz:accessibilityChecks: false, moz:buildID: 20190917135527, moz:geckodriverVersion: 0.23.0, moz:headless: false, moz:processID: 8416, moz:profile: C:\Users\vladi\AppData\Loca..., moz:shutdownTimeout: 60000, moz:useNonSpecCompliantPointerOrigin: false, moz:webdriverClick: true, pageLoadStrategy: normal, platform: WINDOWS, platformName: WINDOWS, platformVersion: 10.0, proxy: Proxy(direct), rotatable: false, setWindowRect: true, strictFileInteractability: false, timeouts: {implicit: 0, pageLoad: 300000, script: 30000}, unhandledPromptBehavior: dismiss and notify}
Session ID: 6d6b4588-fdd5-4ad7-ac81-535386948f7c&#xD;
	at org.openqa.selenium.remote.http.W3CHttpResponseCodec.createException(W3CHttpResponseCodec.java:187)&#xD;
	at org.openqa.selenium.remote.http.W3CHttpResponseCodec.decode(W3CHttpResponseCodec.java:122)&#xD;
	at org.openqa.selenium.remote.http.W3CHttpResponseCodec.decode(W3CHttpResponseCodec.java:49)&#xD;
	at org.openqa.selenium.remote.HttpCommandExecutor.execute(HttpCommandExecutor.java:158)&#xD;
	at org.openqa.selenium.remote.service.DriverCommandExecutor.execute(DriverCommandExecutor.java:83)&#xD;
	at org.openqa.selenium.remote.RemoteWebDriver.execute(RemoteWebDriver.java:552)&#xD;
	at com.kms.katalon.selenium.driver.CFirefoxDriver.execute(CFirefoxDriver.java:28)&#xD;
	at org.openqa.selenium.remote.RemoteWebElement.execute(RemoteWebElement.java:285)&#xD;
	at org.openqa.selenium.remote.RemoteWebElement.click(RemoteWebElement.java:84)&#xD;
	at com.kms.katalon.core.webui.keyword.builtin.ClickKeyword$_click_closure1.doCall(ClickKeyword.groovy:79)&#xD;
	at com.kms.katalon.core.webui.keyword.builtin.ClickKeyword$_click_closure1.call(ClickKeyword.groovy)&#xD;
	at com.kms.katalon.core.webui.keyword.internal.WebUIKeywordMain.runKeyword(WebUIKeywordMain.groovy:20)&#xD;
	... 19 more</system-err>
        </testcase>
        <system-out>2019-10-09 18:19:28 - [TEST_SUITE][INCOMPLETE] - Admin: null</system-out>
        <system-err>2019-10-09 18:19:28 - [TEST_SUITE][INCOMPLETE] - Admin: null</system-err>
    </testsuite>
</testsuites>
